2022-01-16 00:00:00.013 INFO  c.amber.insect.knowledgebase.job.EbookSnapshotJob :32   [32m2620873567768576  [0;39m ç”Ÿæˆä»Šæ—¥ç”µå­ä¹¦å¿«ç…§å¼€å§‹
2022-01-16 00:00:00.259 INFO  c.amber.insect.knowledgebase.job.EbookSnapshotJob :35   [32m2620873567768576  [0;39m ç”Ÿæˆä»Šæ—¥ç”µå­ä¹¦å¿«ç…§ç»“æŸï¼Œè€—æ—¶ï¼š240æ¯«ç§’
2022-01-16 00:00:05.007 INFO  com.amber.insect.knowledgebase.job.DocJob         :32   [32m2620894514122752  [0;39m æ›´æ–°ç”µå­ä¹¦ä¸‹çš„æ–‡æ¡£æ•°æ®å¼€å§‹
2022-01-16 00:00:05.007 INFO  com.amber.insect.knowledgebase.job.DocJob         :35   [32m2620894514122752  [0;39m æ›´æ–°ç”µå­ä¹¦ä¸‹çš„æ–‡æ¡£æ•°æ®ç»“æŸï¼Œè€—æ—¶ï¼š0æ¯«ç§’
2022-01-16 00:00:35.016 INFO  com.amber.insect.knowledgebase.job.DocJob         :32   [32m2621020380991488  [0;39m æ›´æ–°ç”µå­ä¹¦ä¸‹çš„æ–‡æ¡£æ•°æ®å¼€å§‹
2022-01-16 00:00:35.018 INFO  com.amber.insect.knowledgebase.job.DocJob         :35   [32m2621020380991488  [0;39m æ›´æ–°ç”µå­ä¹¦ä¸‹çš„æ–‡æ¡£æ•°æ®ç»“æŸï¼Œè€—æ—¶ï¼š0æ¯«ç§’
2022-01-16 00:01:00.010 INFO  c.amber.insect.knowledgebase.job.EbookSnapshotJob :32   [32m2621125213425664  [0;39m ç”Ÿæˆä»Šæ—¥ç”µå­ä¹¦å¿«ç…§å¼€å§‹
2022-01-16 00:01:00.016 INFO  c.amber.insect.knowledgebase.job.EbookSnapshotJob :35   [32m2621125213425664  [0;39m ç”Ÿæˆä»Šæ—¥ç”µå­ä¹¦å¿«ç…§ç»“æŸï¼Œè€—æ—¶ï¼š6æ¯«ç§’
2022-01-16 00:01:05.009 INFO  com.amber.insect.knowledgebase.job.DocJob         :32   [32m2621146180751360  [0;39m æ›´æ–°ç”µå­ä¹¦ä¸‹çš„æ–‡æ¡£æ•°æ®å¼€å§‹
2022-01-16 00:01:05.009 INFO  com.amber.insect.knowledgebase.job.DocJob         :35   [32m2621146180751360  [0;39m æ›´æ–°ç”µå­ä¹¦ä¸‹çš„æ–‡æ¡£æ•°æ®ç»“æŸï¼Œè€—æ—¶ï¼š0æ¯«ç§’
2022-01-16 00:01:35.002 INFO  com.amber.insect.knowledgebase.job.DocJob         :32   [32m2621271980511232  [0;39m æ›´æ–°ç”µå­ä¹¦ä¸‹çš„æ–‡æ¡£æ•°æ®å¼€å§‹
2022-01-16 00:01:35.002 INFO  com.amber.insect.knowledgebase.job.DocJob         :35   [32m2621271980511232  [0;39m æ›´æ–°ç”µå­ä¹¦ä¸‹çš„æ–‡æ¡£æ•°æ®ç»“æŸï¼Œè€—æ—¶ï¼š0æ¯«ç§’
2022-01-16 00:02:00.008 INFO  c.amber.insect.knowledgebase.job.EbookSnapshotJob :32   [32m2621376863277056  [0;39m ç”Ÿæˆä»Šæ—¥ç”µå­ä¹¦å¿«ç…§å¼€å§‹
2022-01-16 00:02:00.014 INFO  c.amber.insect.knowledgebase.job.EbookSnapshotJob :35   [32m2621376863277056  [0;39m ç”Ÿæˆä»Šæ—¥ç”µå­ä¹¦å¿«ç…§ç»“æŸï¼Œè€—æ—¶ï¼š6æ¯«ç§’
2022-01-16 00:02:05.016 INFO  com.amber.insect.knowledgebase.job.DocJob         :32   [32m2621397868351488  [0;39m æ›´æ–°ç”µå­ä¹¦ä¸‹çš„æ–‡æ¡£æ•°æ®å¼€å§‹
2022-01-16 00:02:05.016 INFO  com.amber.insect.knowledgebase.job.DocJob         :35   [32m2621397868351488  [0;39m æ›´æ–°ç”µå­ä¹¦ä¸‹çš„æ–‡æ¡£æ•°æ®ç»“æŸï¼Œè€—æ—¶ï¼š0æ¯«ç§’
2022-01-16 00:02:35.011 INFO  com.amber.insect.knowledgebase.job.DocJob         :32   [32m2621523676499968  [0;39m æ›´æ–°ç”µå­ä¹¦ä¸‹çš„æ–‡æ¡£æ•°æ®å¼€å§‹
2022-01-16 00:02:35.011 INFO  com.amber.insect.knowledgebase.job.DocJob         :35   [32m2621523676499968  [0;39m æ›´æ–°ç”µå­ä¹¦ä¸‹çš„æ–‡æ¡£æ•°æ®ç»“æŸï¼Œè€—æ—¶ï¼š0æ¯«ç§’
2022-01-16 00:03:00.007 INFO  c.amber.insect.knowledgebase.job.EbookSnapshotJob :32   [32m2621628517322752  [0;39m ç”Ÿæˆä»Šæ—¥ç”µå­ä¹¦å¿«ç…§å¼€å§‹
2022-01-16 00:03:00.014 INFO  c.amber.insect.knowledgebase.job.EbookSnapshotJob :35   [32m2621628517322752  [0;39m ç”Ÿæˆä»Šæ—¥ç”µå­ä¹¦å¿«ç…§ç»“æŸï¼Œè€—æ—¶ï¼š6æ¯«ç§’
2022-01-16 00:03:05.009 INFO  com.amber.insect.knowledgebase.job.DocJob         :32   [32m2621649497231360  [0;39m æ›´æ–°ç”µå­ä¹¦ä¸‹çš„æ–‡æ¡£æ•°æ®å¼€å§‹
2022-01-16 00:03:05.010 INFO  com.amber.insect.knowledgebase.job.DocJob         :35   [32m2621649497231360  [0;39m æ›´æ–°ç”µå­ä¹¦ä¸‹çš„æ–‡æ¡£æ•°æ®ç»“æŸï¼Œè€—æ—¶ï¼š0æ¯«ç§’
2022-01-16 00:03:35.014 INFO  com.amber.insect.knowledgebase.job.DocJob         :32   [32m2621775347322880  [0;39m æ›´æ–°ç”µå­ä¹¦ä¸‹çš„æ–‡æ¡£æ•°æ®å¼€å§‹
2022-01-16 00:03:35.015 INFO  com.amber.insect.knowledgebase.job.DocJob         :35   [32m2621775347322880  [0;39m æ›´æ–°ç”µå­ä¹¦ä¸‹çš„æ–‡æ¡£æ•°æ®ç»“æŸï¼Œè€—æ—¶ï¼š0æ¯«ç§’
2022-01-16 00:04:00.010 INFO  c.amber.insect.knowledgebase.job.EbookSnapshotJob :32   [32m2621880188145664  [0;39m ç”Ÿæˆä»Šæ—¥ç”µå­ä¹¦å¿«ç…§å¼€å§‹
2022-01-16 00:04:00.015 INFO  c.amber.insect.knowledgebase.job.EbookSnapshotJob :35   [32m2621880188145664  [0;39m ç”Ÿæˆä»Šæ—¥ç”µå­ä¹¦å¿«ç…§ç»“æŸï¼Œè€—æ—¶ï¼š5æ¯«ç§’
2022-01-16 00:04:05.010 INFO  com.amber.insect.knowledgebase.job.DocJob         :32   [32m2621901159665664  [0;39m æ›´æ–°ç”µå­ä¹¦ä¸‹çš„æ–‡æ¡£æ•°æ®å¼€å§‹
2022-01-16 00:04:05.011 INFO  com.amber.insect.knowledgebase.job.DocJob         :35   [32m2621901159665664  [0;39m æ›´æ–°ç”µå­ä¹¦ä¸‹çš„æ–‡æ¡£æ•°æ®ç»“æŸï¼Œè€—æ—¶ï¼š0æ¯«ç§’
2022-01-16 00:04:35.004 INFO  com.amber.insect.knowledgebase.job.DocJob         :32   [32m2622026963619840  [0;39m æ›´æ–°ç”µå­ä¹¦ä¸‹çš„æ–‡æ¡£æ•°æ®å¼€å§‹
2022-01-16 00:04:35.005 INFO  com.amber.insect.knowledgebase.job.DocJob         :35   [32m2622026963619840  [0;39m æ›´æ–°ç”µå­ä¹¦ä¸‹çš„æ–‡æ¡£æ•°æ®ç»“æŸï¼Œè€—æ—¶ï¼š0æ¯«ç§’
2022-01-16 00:05:00.014 INFO  c.amber.insect.knowledgebase.job.EbookSnapshotJob :32   [32m2622131863162880  [0;39m ç”Ÿæˆä»Šæ—¥ç”µå­ä¹¦å¿«ç…§å¼€å§‹
2022-01-16 00:05:00.026 INFO  c.amber.insect.knowledgebase.job.EbookSnapshotJob :35   [32m2622131863162880  [0;39m ç”Ÿæˆä»Šæ—¥ç”µå­ä¹¦å¿«ç…§ç»“æŸï¼Œè€—æ—¶ï¼š11æ¯«ç§’
2022-01-16 00:05:05.001 INFO  com.amber.insect.knowledgebase.job.DocJob         :32   [32m2622152780156928  [0;39m æ›´æ–°ç”µå­ä¹¦ä¸‹çš„æ–‡æ¡£æ•°æ®å¼€å§‹
2022-01-16 00:05:05.002 INFO  com.amber.insect.knowledgebase.job.DocJob         :35   [32m2622152780156928  [0;39m æ›´æ–°ç”µå­ä¹¦ä¸‹çš„æ–‡æ¡£æ•°æ®ç»“æŸï¼Œè€—æ—¶ï¼š0æ¯«ç§’
2022-01-16 00:05:35.004 INFO  com.amber.insect.knowledgebase.job.DocJob         :32   [32m2622278621859840  [0;39m æ›´æ–°ç”µå­ä¹¦ä¸‹çš„æ–‡æ¡£æ•°æ®å¼€å§‹
2022-01-16 00:05:35.004 INFO  com.amber.insect.knowledgebase.job.DocJob         :35   [32m2622278621859840  [0;39m æ›´æ–°ç”µå­ä¹¦ä¸‹çš„æ–‡æ¡£æ•°æ®ç»“æŸï¼Œè€—æ—¶ï¼š0æ¯«ç§’
2022-01-16 00:06:00.001 INFO  c.amber.insect.knowledgebase.job.EbookSnapshotJob :32   [32m2622383466876928  [0;39m ç”Ÿæˆä»Šæ—¥ç”µå­ä¹¦å¿«ç…§å¼€å§‹
2022-01-16 00:06:00.005 INFO  c.amber.insect.knowledgebase.job.EbookSnapshotJob :35   [32m2622383466876928  [0;39m ç”Ÿæˆä»Šæ—¥ç”µå­ä¹¦å¿«ç…§ç»“æŸï¼Œè€—æ—¶ï¼š4æ¯«ç§’
2022-01-16 00:06:05.004 INFO  com.amber.insect.knowledgebase.job.DocJob         :32   [32m2622404450979840  [0;39m æ›´æ–°ç”µå­ä¹¦ä¸‹çš„æ–‡æ¡£æ•°æ®å¼€å§‹
2022-01-16 00:06:05.004 INFO  com.amber.insect.knowledgebase.job.DocJob         :35   [32m2622404450979840  [0;39m æ›´æ–°ç”µå­ä¹¦ä¸‹çš„æ–‡æ¡£æ•°æ®ç»“æŸï¼Œè€—æ—¶ï¼š0æ¯«ç§’
2022-01-16 00:06:35.016 INFO  com.amber.insect.knowledgebase.job.DocJob         :32   [32m2622530330431488  [0;39m æ›´æ–°ç”µå­ä¹¦ä¸‹çš„æ–‡æ¡£æ•°æ®å¼€å§‹
2022-01-16 00:06:35.017 INFO  com.amber.insect.knowledgebase.job.DocJob         :35   [32m2622530330431488  [0;39m æ›´æ–°ç”µå­ä¹¦ä¸‹çš„æ–‡æ¡£æ•°æ®ç»“æŸï¼Œè€—æ—¶ï¼š0æ¯«ç§’
2022-01-16 00:07:00.011 INFO  c.amber.insect.knowledgebase.job.EbookSnapshotJob :32   [32m2622635167059968  [0;39m ç”Ÿæˆä»Šæ—¥ç”µå­ä¹¦å¿«ç…§å¼€å§‹
2022-01-16 00:07:00.023 INFO  c.amber.insect.knowledgebase.job.EbookSnapshotJob :35   [32m2622635167059968  [0;39m ç”Ÿæˆä»Šæ—¥ç”µå­ä¹¦å¿«ç…§ç»“æŸï¼Œè€—æ—¶ï¼š11æ¯«ç§’
2022-01-16 00:07:05.011 INFO  com.amber.insect.knowledgebase.job.DocJob         :32   [32m2622656138579968  [0;39m æ›´æ–°ç”µå­ä¹¦ä¸‹çš„æ–‡æ¡£æ•°æ®å¼€å§‹
2022-01-16 00:07:05.011 INFO  com.amber.insect.knowledgebase.job.DocJob         :35   [32m2622656138579968  [0;39m æ›´æ–°ç”µå­ä¹¦ä¸‹çš„æ–‡æ¡£æ•°æ®ç»“æŸï¼Œè€—æ—¶ï¼š0æ¯«ç§’
2022-01-16 00:07:35.007 INFO  com.amber.insect.knowledgebase.job.DocJob         :32   [32m2622781950922752  [0;39m æ›´æ–°ç”µå­ä¹¦ä¸‹çš„æ–‡æ¡£æ•°æ®å¼€å§‹
2022-01-16 00:07:35.007 INFO  com.amber.insect.knowledgebase.job.DocJob         :35   [32m2622781950922752  [0;39m æ›´æ–°ç”µå­ä¹¦ä¸‹çš„æ–‡æ¡£æ•°æ®ç»“æŸï¼Œè€—æ—¶ï¼š0æ¯«ç§’
2022-01-16 00:08:00.005 INFO  c.amber.insect.knowledgebase.job.EbookSnapshotJob :32   [32m2622886800134144  [0;39m ç”Ÿæˆä»Šæ—¥ç”µå­ä¹¦å¿«ç…§å¼€å§‹
2022-01-16 00:08:00.009 INFO  c.amber.insect.knowledgebase.job.EbookSnapshotJob :35   [32m2622886800134144  [0;39m ç”Ÿæˆä»Šæ—¥ç”µå­ä¹¦å¿«ç…§ç»“æŸï¼Œè€—æ—¶ï¼š4æ¯«ç§’
2022-01-16 00:08:05.001 INFO  com.amber.insect.knowledgebase.job.DocJob         :32   [32m2622907754876928  [0;39m æ›´æ–°ç”µå­ä¹¦ä¸‹çš„æ–‡æ¡£æ•°æ®å¼€å§‹
2022-01-16 00:08:05.002 INFO  com.amber.insect.knowledgebase.job.DocJob         :35   [32m2622907754876928  [0;39m æ›´æ–°ç”µå­ä¹¦ä¸‹çš„æ–‡æ¡£æ•°æ®ç»“æŸï¼Œè€—æ—¶ï¼š0æ¯«ç§’
2022-01-16 00:08:35.008 INFO  com.amber.insect.knowledgebase.job.DocJob         :32   [32m2623033613357056  [0;39m æ›´æ–°ç”µå­ä¹¦ä¸‹çš„æ–‡æ¡£æ•°æ®å¼€å§‹
2022-01-16 00:08:35.009 INFO  com.amber.insect.knowledgebase.job.DocJob         :35   [32m2623033613357056  [0;39m æ›´æ–°ç”µå­ä¹¦ä¸‹çš„æ–‡æ¡£æ•°æ®ç»“æŸï¼Œè€—æ—¶ï¼š0æ¯«ç§’
2022-01-16 00:09:00.013 INFO  c.amber.insect.knowledgebase.job.EbookSnapshotJob :32   [32m2623138491928576  [0;39m ç”Ÿæˆä»Šæ—¥ç”µå­ä¹¦å¿«ç…§å¼€å§‹
2022-01-16 00:09:00.022 INFO  c.amber.insect.knowledgebase.job.EbookSnapshotJob :35   [32m2623138491928576  [0;39m ç”Ÿæˆä»Šæ—¥ç”µå­ä¹¦å¿«ç…§ç»“æŸï¼Œè€—æ—¶ï¼š8æ¯«ç§’
2022-01-16 00:09:05.009 INFO  com.amber.insect.knowledgebase.job.DocJob         :32   [32m2623159446671360  [0;39m æ›´æ–°ç”µå­ä¹¦ä¸‹çš„æ–‡æ¡£æ•°æ®å¼€å§‹
2022-01-16 00:09:05.010 INFO  com.amber.insect.knowledgebase.job.DocJob         :35   [32m2623159446671360  [0;39m æ›´æ–°ç”µå­ä¹¦ä¸‹çš„æ–‡æ¡£æ•°æ®ç»“æŸï¼Œè€—æ—¶ï¼š0æ¯«ç§’
2022-01-16 00:09:35.011 INFO  com.amber.insect.knowledgebase.job.DocJob         :32   [32m2623285284179968  [0;39m æ›´æ–°ç”µå­ä¹¦ä¸‹çš„æ–‡æ¡£æ•°æ®å¼€å§‹
2022-01-16 00:09:35.012 INFO  com.amber.insect.knowledgebase.job.DocJob         :35   [32m2623285284179968  [0;39m æ›´æ–°ç”µå­ä¹¦ä¸‹çš„æ–‡æ¡£æ•°æ®ç»“æŸï¼Œè€—æ—¶ï¼š0æ¯«ç§’
2022-01-16 00:10:00.004 INFO  c.amber.insect.knowledgebase.job.EbookSnapshotJob :32   [32m2623390112419840  [0;39m ç”Ÿæˆä»Šæ—¥ç”µå­ä¹¦å¿«ç…§å¼€å§‹
2022-01-16 00:10:00.011 INFO  c.amber.insect.knowledgebase.job.EbookSnapshotJob :35   [32m2623390112419840  [0;39m ç”Ÿæˆä»Šæ—¥ç”µå­ä¹¦å¿«ç…§ç»“æŸï¼Œè€—æ—¶ï¼š6æ¯«ç§’
2022-01-16 00:10:05.011 INFO  com.amber.insect.knowledgebase.job.DocJob         :32   [32m2623411113299968  [0;39m æ›´æ–°ç”µå­ä¹¦ä¸‹çš„æ–‡æ¡£æ•°æ®å¼€å§‹
2022-01-16 00:10:05.012 INFO  com.amber.insect.knowledgebase.job.DocJob         :35   [32m2623411113299968  [0;39m æ›´æ–°ç”µå­ä¹¦ä¸‹çš„æ–‡æ¡£æ•°æ®ç»“æŸï¼Œè€—æ—¶ï¼š0æ¯«ç§’
2022-01-16 00:10:35.004 INFO  com.amber.insect.knowledgebase.job.DocJob         :32   [32m2623536913059840  [0;39m æ›´æ–°ç”µå­ä¹¦ä¸‹çš„æ–‡æ¡£æ•°æ®å¼€å§‹
2022-01-16 00:10:35.005 INFO  com.amber.insect.knowledgebase.job.DocJob         :35   [32m2623536913059840  [0;39m æ›´æ–°ç”µå­ä¹¦ä¸‹çš„æ–‡æ¡£æ•°æ®ç»“æŸï¼Œè€—æ—¶ï¼š0æ¯«ç§’
2022-01-16 00:11:00.009 INFO  c.amber.insect.knowledgebase.job.EbookSnapshotJob :32   [32m2623641791631360  [0;39m ç”Ÿæˆä»Šæ—¥ç”µå­ä¹¦å¿«ç…§å¼€å§‹
2022-01-16 00:11:00.015 INFO  c.amber.insect.knowledgebase.job.EbookSnapshotJob :35   [32m2623641791631360  [0;39m ç”Ÿæˆä»Šæ—¥ç”µå­ä¹¦å¿«ç…§ç»“æŸï¼Œè€—æ—¶ï¼š5æ¯«ç§’
2022-01-16 00:11:05.014 INFO  com.amber.insect.knowledgebase.job.DocJob         :32   [32m2623662784122880  [0;39m æ›´æ–°ç”µå­ä¹¦ä¸‹çš„æ–‡æ¡£æ•°æ®å¼€å§‹
2022-01-16 00:11:05.015 INFO  com.amber.insect.knowledgebase.job.DocJob         :35   [32m2623662784122880  [0;39m æ›´æ–°ç”µå­ä¹¦ä¸‹çš„æ–‡æ¡£æ•°æ®ç»“æŸï¼Œè€—æ—¶ï¼š0æ¯«ç§’
2022-01-16 00:11:35.001 INFO  com.amber.insect.knowledgebase.job.DocJob         :32   [32m2623788558716928  [0;39m æ›´æ–°ç”µå­ä¹¦ä¸‹çš„æ–‡æ¡£æ•°æ®å¼€å§‹
2022-01-16 00:11:35.002 INFO  com.amber.insect.knowledgebase.job.DocJob         :35   [32m2623788558716928  [0;39m æ›´æ–°ç”µå­ä¹¦ä¸‹çš„æ–‡æ¡£æ•°æ®ç»“æŸï¼Œè€—æ—¶ï¼š0æ¯«ç§’
2022-01-16 00:12:00.004 INFO  c.amber.insect.knowledgebase.job.EbookSnapshotJob :32   [32m2623893428899840  [0;39m ç”Ÿæˆä»Šæ—¥ç”µå­ä¹¦å¿«ç…§å¼€å§‹
2022-01-16 00:12:00.010 INFO  c.amber.insect.knowledgebase.job.EbookSnapshotJob :35   [32m2623893428899840  [0;39m ç”Ÿæˆä»Šæ—¥ç”µå­ä¹¦å¿«ç…§ç»“æŸï¼Œè€—æ—¶ï¼š5æ¯«ç§’
2022-01-16 00:12:05.003 INFO  com.amber.insect.knowledgebase.job.DocJob         :32   [32m2623914396225536  [0;39m æ›´æ–°ç”µå­ä¹¦ä¸‹çš„æ–‡æ¡£æ•°æ®å¼€å§‹
2022-01-16 00:12:05.003 INFO  com.amber.insect.knowledgebase.job.DocJob         :35   [32m2623914396225536  [0;39m æ›´æ–°ç”µå­ä¹¦ä¸‹çš„æ–‡æ¡£æ•°æ®ç»“æŸï¼Œè€—æ—¶ï¼š0æ¯«ç§’
2022-01-16 00:12:35.008 INFO  com.amber.insect.knowledgebase.job.DocJob         :32   [32m2624040246317056  [0;39m æ›´æ–°ç”µå­ä¹¦ä¸‹çš„æ–‡æ¡£æ•°æ®å¼€å§‹
2022-01-16 00:12:35.009 INFO  com.amber.insect.knowledgebase.job.DocJob         :35   [32m2624040246317056  [0;39m æ›´æ–°ç”µå­ä¹¦ä¸‹çš„æ–‡æ¡£æ•°æ®ç»“æŸï¼Œè€—æ—¶ï¼š0æ¯«ç§’
2022-01-16 00:13:00.011 INFO  c.amber.insect.knowledgebase.job.EbookSnapshotJob :32   [32m2624145116499968  [0;39m ç”Ÿæˆä»Šæ—¥ç”µå­ä¹¦å¿«ç…§å¼€å§‹
2022-01-16 00:13:00.020 INFO  c.amber.insect.knowledgebase.job.EbookSnapshotJob :35   [32m2624145116499968  [0;39m ç”Ÿæˆä»Šæ—¥ç”µå­ä¹¦å¿«ç…§ç»“æŸï¼Œè€—æ—¶ï¼š8æ¯«ç§’
2022-01-16 00:13:05.014 INFO  com.amber.insect.knowledgebase.job.DocJob         :32   [32m2624166100602880  [0;39m æ›´æ–°ç”µå­ä¹¦ä¸‹çš„æ–‡æ¡£æ•°æ®å¼€å§‹
2022-01-16 00:13:05.014 INFO  com.amber.insect.knowledgebase.job.DocJob         :35   [32m2624166100602880  [0;39m æ›´æ–°ç”µå­ä¹¦ä¸‹çš„æ–‡æ¡£æ•°æ®ç»“æŸï¼Œè€—æ—¶ï¼š0æ¯«ç§’
2022-01-16 00:13:35.006 INFO  com.amber.insect.knowledgebase.job.DocJob         :32   [32m2624291896168448  [0;39m æ›´æ–°ç”µå­ä¹¦ä¸‹çš„æ–‡æ¡£æ•°æ®å¼€å§‹
2022-01-16 00:13:35.006 INFO  com.amber.insect.knowledgebase.job.DocJob         :35   [32m2624291896168448  [0;39m æ›´æ–°ç”µå­ä¹¦ä¸‹çš„æ–‡æ¡£æ•°æ®ç»“æŸï¼Œè€—æ—¶ï¼š0æ¯«ç§’
2022-01-16 00:14:00.010 INFO  c.amber.insect.knowledgebase.job.EbookSnapshotJob :32   [32m2624396770545664  [0;39m ç”Ÿæˆä»Šæ—¥ç”µå­ä¹¦å¿«ç…§å¼€å§‹
2022-01-16 00:14:00.016 INFO  c.amber.insect.knowledgebase.job.EbookSnapshotJob :35   [32m2624396770545664  [0;39m ç”Ÿæˆä»Šæ—¥ç”µå­ä¹¦å¿«ç…§ç»“æŸï¼Œè€—æ—¶ï¼š6æ¯«ç§’
2022-01-16 00:14:05.011 INFO  com.amber.insect.knowledgebase.job.DocJob         :32   [32m2624417746259968  [0;39m æ›´æ–°ç”µå­ä¹¦ä¸‹çš„æ–‡æ¡£æ•°æ®å¼€å§‹
2022-01-16 00:14:05.012 INFO  com.amber.insect.knowledgebase.job.DocJob         :35   [32m2624417746259968  [0;39m æ›´æ–°ç”µå­ä¹¦ä¸‹çš„æ–‡æ¡£æ•°æ®ç»“æŸï¼Œè€—æ—¶ï¼š0æ¯«ç§’
2022-01-16 00:14:35.006 INFO  com.amber.insect.knowledgebase.job.DocJob         :32   [32m2624543554408448  [0;39m æ›´æ–°ç”µå­ä¹¦ä¸‹çš„æ–‡æ¡£æ•°æ®å¼€å§‹
2022-01-16 00:14:35.007 INFO  com.amber.insect.knowledgebase.job.DocJob         :35   [32m2624543554408448  [0;39m æ›´æ–°ç”µå­ä¹¦ä¸‹çš„æ–‡æ¡£æ•°æ®ç»“æŸï¼Œè€—æ—¶ï¼š0æ¯«ç§’
2022-01-16 00:15:00.004 INFO  c.amber.insect.knowledgebase.job.EbookSnapshotJob :32   [32m2624648403619840  [0;39m ç”Ÿæˆä»Šæ—¥ç”µå­ä¹¦å¿«ç…§å¼€å§‹
2022-01-16 00:15:00.010 INFO  c.amber.insect.knowledgebase.job.EbookSnapshotJob :35   [32m2624648403619840  [0;39m ç”Ÿæˆä»Šæ—¥ç”µå­ä¹¦å¿«ç…§ç»“æŸï¼Œè€—æ—¶ï¼š5æ¯«ç§’
2022-01-16 00:15:05.008 INFO  com.amber.insect.knowledgebase.job.DocJob         :32   [32m2624669391917056  [0;39m æ›´æ–°ç”µå­ä¹¦ä¸‹çš„æ–‡æ¡£æ•°æ®å¼€å§‹
2022-01-16 00:15:05.009 INFO  com.amber.insect.knowledgebase.job.DocJob         :35   [32m2624669391917056  [0;39m æ›´æ–°ç”µå­ä¹¦ä¸‹çš„æ–‡æ¡£æ•°æ®ç»“æŸï¼Œè€—æ—¶ï¼š0æ¯«ç§’
2022-01-16 00:15:35.001 INFO  com.amber.insect.knowledgebase.job.DocJob         :32   [32m2624795191676928  [0;39m æ›´æ–°ç”µå­ä¹¦ä¸‹çš„æ–‡æ¡£æ•°æ®å¼€å§‹
2022-01-16 00:15:35.002 INFO  com.amber.insect.knowledgebase.job.DocJob         :35   [32m2624795191676928  [0;39m æ›´æ–°ç”µå­ä¹¦ä¸‹çš„æ–‡æ¡£æ•°æ®ç»“æŸï¼Œè€—æ—¶ï¼š0æ¯«ç§’
2022-01-16 00:16:00.005 INFO  c.amber.insect.knowledgebase.job.EbookSnapshotJob :32   [32m2624900066054144  [0;39m ç”Ÿæˆä»Šæ—¥ç”µå­ä¹¦å¿«ç…§å¼€å§‹
2022-01-16 00:16:00.012 INFO  c.amber.insect.knowledgebase.job.EbookSnapshotJob :35   [32m2624900066054144  [0;39m ç”Ÿæˆä»Šæ—¥ç”µå­ä¹¦å¿«ç…§ç»“æŸï¼Œè€—æ—¶ï¼š6æ¯«ç§’
2022-01-16 00:16:05.004 INFO  com.amber.insect.knowledgebase.job.DocJob         :32   [32m2624921033379840  [0;39m æ›´æ–°ç”µå­ä¹¦ä¸‹çš„æ–‡æ¡£æ•°æ®å¼€å§‹
2022-01-16 00:16:05.005 INFO  com.amber.insect.knowledgebase.job.DocJob         :35   [32m2624921033379840  [0;39m æ›´æ–°ç”µå­ä¹¦ä¸‹çš„æ–‡æ¡£æ•°æ®ç»“æŸï¼Œè€—æ—¶ï¼š0æ¯«ç§’
2022-01-16 00:16:35.016 INFO  com.amber.insect.knowledgebase.job.DocJob         :32   [32m2625046912831488  [0;39m æ›´æ–°ç”µå­ä¹¦ä¸‹çš„æ–‡æ¡£æ•°æ®å¼€å§‹
2022-01-16 00:16:35.017 INFO  com.amber.insect.knowledgebase.job.DocJob         :35   [32m2625046912831488  [0;39m æ›´æ–°ç”µå­ä¹¦ä¸‹çš„æ–‡æ¡£æ•°æ®ç»“æŸï¼Œè€—æ—¶ï¼š0æ¯«ç§’
2022-01-16 00:17:00.011 INFO  c.amber.insect.knowledgebase.job.EbookSnapshotJob :32   [32m2625151749459968  [0;39m ç”Ÿæˆä»Šæ—¥ç”µå­ä¹¦å¿«ç…§å¼€å§‹
2022-01-16 00:17:00.020 INFO  c.amber.insect.knowledgebase.job.EbookSnapshotJob :35   [32m2625151749459968  [0;39m ç”Ÿæˆä»Šæ—¥ç”µå­ä¹¦å¿«ç…§ç»“æŸï¼Œè€—æ—¶ï¼š8æ¯«ç§’
2022-01-16 00:17:05.005 INFO  com.amber.insect.knowledgebase.job.DocJob         :32   [32m2625172695814144  [0;39m æ›´æ–°ç”µå­ä¹¦ä¸‹çš„æ–‡æ¡£æ•°æ®å¼€å§‹
2022-01-16 00:17:05.006 INFO  com.amber.insect.knowledgebase.job.DocJob         :35   [32m2625172695814144  [0;39m æ›´æ–°ç”µå­ä¹¦ä¸‹çš„æ–‡æ¡£æ•°æ®ç»“æŸï¼Œè€—æ—¶ï¼š0æ¯«ç§’
2022-01-16 00:17:35.010 INFO  com.amber.insect.knowledgebase.job.DocJob         :32   [32m2625298545905664  [0;39m æ›´æ–°ç”µå­ä¹¦ä¸‹çš„æ–‡æ¡£æ•°æ®å¼€å§‹
2022-01-16 00:17:35.011 INFO  com.amber.insect.knowledgebase.job.DocJob         :35   [32m2625298545905664  [0;39m æ›´æ–°ç”µå­ä¹¦ä¸‹çš„æ–‡æ¡£æ•°æ®ç»“æŸï¼Œè€—æ—¶ï¼š0æ¯«ç§’
2022-01-16 00:18:00.016 INFO  c.amber.insect.knowledgebase.job.EbookSnapshotJob :32   [32m2625403428671488  [0;39m ç”Ÿæˆä»Šæ—¥ç”µå­ä¹¦å¿«ç…§å¼€å§‹
2022-01-16 00:18:00.018 INFO  c.amber.insect.knowledgebase.job.EbookSnapshotJob :35   [32m2625403428671488  [0;39m ç”Ÿæˆä»Šæ—¥ç”µå­ä¹¦å¿«ç…§ç»“æŸï¼Œè€—æ—¶ï¼š2æ¯«ç§’
2022-01-16 00:18:05.010 INFO  com.amber.insect.knowledgebase.job.DocJob         :32   [32m2625424375025664  [0;39m æ›´æ–°ç”µå­ä¹¦ä¸‹çš„æ–‡æ¡£æ•°æ®å¼€å§‹
2022-01-16 00:18:05.011 INFO  com.amber.insect.knowledgebase.job.DocJob         :35   [32m2625424375025664  [0;39m æ›´æ–°ç”µå­ä¹¦ä¸‹çš„æ–‡æ¡£æ•°æ®ç»“æŸï¼Œè€—æ—¶ï¼š0æ¯«ç§’
2022-01-16 00:18:35.004 INFO  com.amber.insect.knowledgebase.job.DocJob         :32   [32m2625550178979840  [0;39m æ›´æ–°ç”µå­ä¹¦ä¸‹çš„æ–‡æ¡£æ•°æ®å¼€å§‹
2022-01-16 00:18:35.005 INFO  com.amber.insect.knowledgebase.job.DocJob         :35   [32m2625550178979840  [0;39m æ›´æ–°ç”µå­ä¹¦ä¸‹çš„æ–‡æ¡£æ•°æ®ç»“æŸï¼Œè€—æ—¶ï¼š0æ¯«ç§’
2022-01-16 00:19:00.014 INFO  c.amber.insect.knowledgebase.job.EbookSnapshotJob :32   [32m2625655078522880  [0;39m ç”Ÿæˆä»Šæ—¥ç”µå­ä¹¦å¿«ç…§å¼€å§‹
2022-01-16 00:19:00.020 INFO  c.amber.insect.knowledgebase.job.EbookSnapshotJob :35   [32m2625655078522880  [0;39m ç”Ÿæˆä»Šæ—¥ç”µå­ä¹¦å¿«ç…§ç»“æŸï¼Œè€—æ—¶ï¼š5æ¯«ç§’
2022-01-16 00:19:05.006 INFO  com.amber.insect.knowledgebase.job.DocJob         :32   [32m2625676016488448  [0;39m æ›´æ–°ç”µå­ä¹¦ä¸‹çš„æ–‡æ¡£æ•°æ®å¼€å§‹
2022-01-16 00:19:05.007 INFO  com.amber.insect.knowledgebase.job.DocJob         :35   [32m2625676016488448  [0;39m æ›´æ–°ç”µå­ä¹¦ä¸‹çš„æ–‡æ¡£æ•°æ®ç»“æŸï¼Œè€—æ—¶ï¼š0æ¯«ç§’
2022-01-16 00:19:35.004 INFO  com.amber.insect.knowledgebase.job.DocJob         :32   [32m2625801837219840  [0;39m æ›´æ–°ç”µå­ä¹¦ä¸‹çš„æ–‡æ¡£æ•°æ®å¼€å§‹
2022-01-16 00:19:35.004 INFO  com.amber.insect.knowledgebase.job.DocJob         :35   [32m2625801837219840  [0;39m æ›´æ–°ç”µå­ä¹¦ä¸‹çš„æ–‡æ¡£æ•°æ®ç»“æŸï¼Œè€—æ—¶ï¼š0æ¯«ç§’
2022-01-16 00:20:00.010 INFO  c.amber.insect.knowledgebase.job.EbookSnapshotJob :32   [32m2625906719985664  [0;39m ç”Ÿæˆä»Šæ—¥ç”µå­ä¹¦å¿«ç…§å¼€å§‹
2022-01-16 00:20:00.015 INFO  c.amber.insect.knowledgebase.job.EbookSnapshotJob :35   [32m2625906719985664  [0;39m ç”Ÿæˆä»Šæ—¥ç”µå­ä¹¦å¿«ç…§ç»“æŸï¼Œè€—æ—¶ï¼š5æ¯«ç§’
2022-01-16 00:20:05.013 INFO  com.amber.insect.knowledgebase.job.DocJob         :32   [32m2625927704088576  [0;39m æ›´æ–°ç”µå­ä¹¦ä¸‹çš„æ–‡æ¡£æ•°æ®å¼€å§‹
2022-01-16 00:20:05.014 INFO  com.amber.insect.knowledgebase.job.DocJob         :35   [32m2625927704088576  [0;39m æ›´æ–°ç”µå­ä¹¦ä¸‹çš„æ–‡æ¡£æ•°æ®ç»“æŸï¼Œè€—æ—¶ï¼š0æ¯«ç§’
2022-01-16 00:20:35.004 INFO  com.amber.insect.knowledgebase.job.DocJob         :32   [32m2626053495459840  [0;39m æ›´æ–°ç”µå­ä¹¦ä¸‹çš„æ–‡æ¡£æ•°æ®å¼€å§‹
2022-01-16 00:20:35.005 INFO  com.amber.insect.knowledgebase.job.DocJob         :35   [32m2626053495459840  [0;39m æ›´æ–°ç”µå­ä¹¦ä¸‹çš„æ–‡æ¡£æ•°æ®ç»“æŸï¼Œè€—æ—¶ï¼š0æ¯«ç§’
2022-01-16 00:21:00.010 INFO  c.amber.insect.knowledgebase.job.EbookSnapshotJob :32   [32m2626158378225664  [0;39m ç”Ÿæˆä»Šæ—¥ç”µå­ä¹¦å¿«ç…§å¼€å§‹
2022-01-16 00:21:00.017 INFO  c.amber.insect.knowledgebase.job.EbookSnapshotJob :35   [32m2626158378225664  [0;39m ç”Ÿæˆä»Šæ—¥ç”µå­ä¹¦å¿«ç…§ç»“æŸï¼Œè€—æ—¶ï¼š6æ¯«ç§’
2022-01-16 00:21:05.004 INFO  com.amber.insect.knowledgebase.job.DocJob         :32   [32m2626179324579840  [0;39m æ›´æ–°ç”µå­ä¹¦ä¸‹çš„æ–‡æ¡£æ•°æ®å¼€å§‹
2022-01-16 00:21:05.004 INFO  com.amber.insect.knowledgebase.job.DocJob         :35   [32m2626179324579840  [0;39m æ›´æ–°ç”µå­ä¹¦ä¸‹çš„æ–‡æ¡£æ•°æ®ç»“æŸï¼Œè€—æ—¶ï¼š0æ¯«ç§’
2022-01-16 00:21:35.006 INFO  com.amber.insect.knowledgebase.job.DocJob         :32   [32m2626305162088448  [0;39m æ›´æ–°ç”µå­ä¹¦ä¸‹çš„æ–‡æ¡£æ•°æ®å¼€å§‹
2022-01-16 00:21:35.007 INFO  com.amber.insect.knowledgebase.job.DocJob         :35   [32m2626305162088448  [0;39m æ›´æ–°ç”µå­ä¹¦ä¸‹çš„æ–‡æ¡£æ•°æ®ç»“æŸï¼Œè€—æ—¶ï¼š0æ¯«ç§’
2022-01-16 00:22:00.005 INFO  c.amber.insect.knowledgebase.job.EbookSnapshotJob :32   [32m2626410015494144  [0;39m ç”Ÿæˆä»Šæ—¥ç”µå­ä¹¦å¿«ç…§å¼€å§‹
2022-01-16 00:22:00.011 INFO  c.amber.insect.knowledgebase.job.EbookSnapshotJob :35   [32m2626410015494144  [0;39m ç”Ÿæˆä»Šæ—¥ç”µå­ä¹¦å¿«ç…§ç»“æŸï¼Œè€—æ—¶ï¼š5æ¯«ç§’
2022-01-16 00:22:05.010 INFO  com.amber.insect.knowledgebase.job.DocJob         :32   [32m2626431007985664  [0;39m æ›´æ–°ç”µå­ä¹¦ä¸‹çš„æ–‡æ¡£æ•°æ®å¼€å§‹
2022-01-16 00:22:05.011 INFO  com.amber.insect.knowledgebase.job.DocJob         :35   [32m2626431007985664  [0;39m æ›´æ–°ç”µå­ä¹¦ä¸‹çš„æ–‡æ¡£æ•°æ®ç»“æŸï¼Œè€—æ—¶ï¼š0æ¯«ç§’
2022-01-16 00:22:35.002 INFO  com.amber.insect.knowledgebase.job.DocJob         :32   [32m2626556803551232  [0;39m æ›´æ–°ç”µå­ä¹¦ä¸‹çš„æ–‡æ¡£æ•°æ®å¼€å§‹
2022-01-16 00:22:35.003 INFO  com.amber.insect.knowledgebase.job.DocJob         :35   [32m2626556803551232  [0;39m æ›´æ–°ç”µå­ä¹¦ä¸‹çš„æ–‡æ¡£æ•°æ®ç»“æŸï¼Œè€—æ—¶ï¼š0æ¯«ç§’
2022-01-16 00:23:00.012 INFO  c.amber.insect.knowledgebase.job.EbookSnapshotJob :32   [32m2626661703094272  [0;39m ç”Ÿæˆä»Šæ—¥ç”µå­ä¹¦å¿«ç…§å¼€å§‹
2022-01-16 00:23:00.021 INFO  c.amber.insect.knowledgebase.job.EbookSnapshotJob :35   [32m2626661703094272  [0;39m ç”Ÿæˆä»Šæ—¥ç”µå­ä¹¦å¿«ç…§ç»“æŸï¼Œè€—æ—¶ï¼š9æ¯«ç§’
2022-01-16 00:23:05.015 INFO  com.amber.insect.knowledgebase.job.DocJob         :32   [32m2626682687197184  [0;39m æ›´æ–°ç”µå­ä¹¦ä¸‹çš„æ–‡æ¡£æ•°æ®å¼€å§‹
2022-01-16 00:23:05.016 INFO  com.amber.insect.knowledgebase.job.DocJob         :35   [32m2626682687197184  [0;39m æ›´æ–°ç”µå­ä¹¦ä¸‹çš„æ–‡æ¡£æ•°æ®ç»“æŸï¼Œè€—æ—¶ï¼š0æ¯«ç§’
2022-01-16 00:23:35.004 INFO  com.amber.insect.knowledgebase.job.DocJob         :32   [32m2626808470179840  [0;39m æ›´æ–°ç”µå­ä¹¦ä¸‹çš„æ–‡æ¡£æ•°æ®å¼€å§‹
2022-01-16 00:23:35.005 INFO  com.amber.insect.knowledgebase.job.DocJob         :35   [32m2626808470179840  [0;39m æ›´æ–°ç”µå­ä¹¦ä¸‹çš„æ–‡æ¡£æ•°æ®ç»“æŸï¼Œè€—æ—¶ï¼š0æ¯«ç§’
2022-01-16 00:24:00.011 INFO  c.amber.insect.knowledgebase.job.EbookSnapshotJob :32   [32m2626913357139968  [0;39m ç”Ÿæˆä»Šæ—¥ç”µå­ä¹¦å¿«ç…§å¼€å§‹
2022-01-16 00:24:00.017 INFO  c.amber.insect.knowledgebase.job.EbookSnapshotJob :35   [32m2626913357139968  [0;39m ç”Ÿæˆä»Šæ—¥ç”µå­ä¹¦å¿«ç…§ç»“æŸï¼Œè€—æ—¶ï¼š6æ¯«ç§’
2022-01-16 00:24:05.015 INFO  com.amber.insect.knowledgebase.job.DocJob         :32   [32m2626934345437184  [0;39m æ›´æ–°ç”µå­ä¹¦ä¸‹çš„æ–‡æ¡£æ•°æ®å¼€å§‹
2022-01-16 00:24:05.016 INFO  com.amber.insect.knowledgebase.job.DocJob         :35   [32m2626934345437184  [0;39m æ›´æ–°ç”µå­ä¹¦ä¸‹çš„æ–‡æ¡£æ•°æ®ç»“æŸï¼Œè€—æ—¶ï¼š0æ¯«ç§’
2022-01-16 00:24:35.011 INFO  com.amber.insect.knowledgebase.job.DocJob         :32   [32m2627060157779968  [0;39m æ›´æ–°ç”µå­ä¹¦ä¸‹çš„æ–‡æ¡£æ•°æ®å¼€å§‹
2022-01-16 00:24:35.011 INFO  com.amber.insect.knowledgebase.job.DocJob         :35   [32m2627060157779968  [0;39m æ›´æ–°ç”µå­ä¹¦ä¸‹çš„æ–‡æ¡£æ•°æ®ç»“æŸï¼Œè€—æ—¶ï¼š0æ¯«ç§’
2022-01-16 00:25:00.004 INFO  c.amber.insect.knowledgebase.job.EbookSnapshotJob :32   [32m2627164986019840  [0;39m ç”Ÿæˆä»Šæ—¥ç”µå­ä¹¦å¿«ç…§å¼€å§‹
2022-01-16 00:25:00.011 INFO  c.amber.insect.knowledgebase.job.EbookSnapshotJob :35   [32m2627164986019840  [0;39m ç”Ÿæˆä»Šæ—¥ç”µå­ä¹¦å¿«ç…§ç»“æŸï¼Œè€—æ—¶ï¼š6æ¯«ç§’
2022-01-16 00:25:05.014 INFO  com.amber.insect.knowledgebase.job.DocJob         :32   [32m2627185999482880  [0;39m æ›´æ–°ç”µå­ä¹¦ä¸‹çš„æ–‡æ¡£æ•°æ®å¼€å§‹
2022-01-16 00:25:05.014 INFO  com.amber.insect.knowledgebase.job.DocJob         :35   [32m2627185999482880  [0;39m æ›´æ–°ç”µå­ä¹¦ä¸‹çš„æ–‡æ¡£æ•°æ®ç»“æŸï¼Œè€—æ—¶ï¼š0æ¯«ç§’
2022-01-16 00:25:35.013 INFO  com.amber.insect.knowledgebase.job.DocJob         :32   [32m2627311824408576  [0;39m æ›´æ–°ç”µå­ä¹¦ä¸‹çš„æ–‡æ¡£æ•°æ®å¼€å§‹
2022-01-16 00:25:35.013 INFO  com.amber.insect.knowledgebase.job.DocJob         :35   [32m2627311824408576  [0;39m æ›´æ–°ç”µå­ä¹¦ä¸‹çš„æ–‡æ¡£æ•°æ®ç»“æŸï¼Œè€—æ—¶ï¼š0æ¯«ç§’
2022-01-16 00:26:00.002 INFO  c.amber.insect.knowledgebase.job.EbookSnapshotJob :32   [32m2627416635871232  [0;39m ç”Ÿæˆä»Šæ—¥ç”µå­ä¹¦å¿«ç…§å¼€å§‹
2022-01-16 00:26:00.008 INFO  c.amber.insect.knowledgebase.job.EbookSnapshotJob :35   [32m2627416635871232  [0;39m ç”Ÿæˆä»Šæ—¥ç”µå­ä¹¦å¿«ç…§ç»“æŸï¼Œè€—æ—¶ï¼š6æ¯«ç§’
2022-01-16 00:26:05.004 INFO  com.amber.insect.knowledgebase.job.DocJob         :32   [32m2627437615779840  [0;39m æ›´æ–°ç”µå­ä¹¦ä¸‹çš„æ–‡æ¡£æ•°æ®å¼€å§‹
2022-01-16 00:26:05.005 INFO  com.amber.insect.knowledgebase.job.DocJob         :35   [32m2627437615779840  [0;39m æ›´æ–°ç”µå­ä¹¦ä¸‹çš„æ–‡æ¡£æ•°æ®ç»“æŸï¼Œè€—æ—¶ï¼š0æ¯«ç§’
2022-01-16 00:26:35.012 INFO  com.amber.insect.knowledgebase.job.DocJob         :32   [32m2627563478454272  [0;39m æ›´æ–°ç”µå­ä¹¦ä¸‹çš„æ–‡æ¡£æ•°æ®å¼€å§‹
2022-01-16 00:26:35.012 INFO  com.amber.insect.knowledgebase.job.DocJob         :35   [32m2627563478454272  [0;39m æ›´æ–°ç”µå­ä¹¦ä¸‹çš„æ–‡æ¡£æ•°æ®ç»“æŸï¼Œè€—æ—¶ï¼š0æ¯«ç§’
2022-01-16 00:27:00.001 INFO  c.amber.insect.knowledgebase.job.EbookSnapshotJob :32   [32m2627668289916928  [0;39m ç”Ÿæˆä»Šæ—¥ç”µå­ä¹¦å¿«ç…§å¼€å§‹
2022-01-16 00:27:00.008 INFO  c.amber.insect.knowledgebase.job.EbookSnapshotJob :35   [32m2627668289916928  [0;39m ç”Ÿæˆä»Šæ—¥ç”µå­ä¹¦å¿«ç…§ç»“æŸï¼Œè€—æ—¶ï¼š6æ¯«ç§’
2022-01-16 00:27:05.009 INFO  com.amber.insect.knowledgebase.job.DocJob         :32   [32m2627689294991360  [0;39m æ›´æ–°ç”µå­ä¹¦ä¸‹çš„æ–‡æ¡£æ•°æ®å¼€å§‹
2022-01-16 00:27:05.010 INFO  com.amber.insect.knowledgebase.job.DocJob         :35   [32m2627689294991360  [0;39m æ›´æ–°ç”µå­ä¹¦ä¸‹çš„æ–‡æ¡£æ•°æ®ç»“æŸï¼Œè€—æ—¶ï¼š0æ¯«ç§’
2022-01-16 00:27:35.003 INFO  com.amber.insect.knowledgebase.job.DocJob         :32   [32m2627815098945536  [0;39m æ›´æ–°ç”µå­ä¹¦ä¸‹çš„æ–‡æ¡£æ•°æ®å¼€å§‹
2022-01-16 00:27:35.004 INFO  com.amber.insect.knowledgebase.job.DocJob         :35   [32m2627815098945536  [0;39m æ›´æ–°ç”µå­ä¹¦ä¸‹çš„æ–‡æ¡£æ•°æ®ç»“æŸï¼Œè€—æ—¶ï¼š0æ¯«ç§’
2022-01-16 00:28:00.011 INFO  c.amber.insect.knowledgebase.job.EbookSnapshotJob :32   [32m2627919990099968  [0;39m ç”Ÿæˆä»Šæ—¥ç”µå­ä¹¦å¿«ç…§å¼€å§‹
2022-01-16 00:28:00.016 INFO  c.amber.insect.knowledgebase.job.EbookSnapshotJob :35   [32m2627919990099968  [0;39m ç”Ÿæˆä»Šæ—¥ç”µå­ä¹¦å¿«ç…§ç»“æŸï¼Œè€—æ—¶ï¼š5æ¯«ç§’
2022-01-16 00:28:05.011 INFO  com.amber.insect.knowledgebase.job.DocJob         :32   [32m2627940961619968  [0;39m æ›´æ–°ç”µå­ä¹¦ä¸‹çš„æ–‡æ¡£æ•°æ®å¼€å§‹
2022-01-16 00:28:05.011 INFO  com.amber.insect.knowledgebase.job.DocJob         :35   [32m2627940961619968  [0;39m æ›´æ–°ç”µå­ä¹¦ä¸‹çš„æ–‡æ¡£æ•°æ®ç»“æŸï¼Œè€—æ—¶ï¼š0æ¯«ç§’
2022-01-16 00:28:35.001 INFO  com.amber.insect.knowledgebase.job.DocJob         :32   [32m2628066748796928  [0;39m æ›´æ–°ç”µå­ä¹¦ä¸‹çš„æ–‡æ¡£æ•°æ®å¼€å§‹
2022-01-16 00:28:35.002 INFO  com.amber.insect.knowledgebase.job.DocJob         :35   [32m2628066748796928  [0;39m æ›´æ–°ç”µå­ä¹¦ä¸‹çš„æ–‡æ¡£æ•°æ®ç»“æŸï¼Œè€—æ—¶ï¼š0æ¯«ç§’
2022-01-16 00:29:00.006 INFO  c.amber.insect.knowledgebase.job.EbookSnapshotJob :32   [32m2628171627368448  [0;39m ç”Ÿæˆä»Šæ—¥ç”µå­ä¹¦å¿«ç…§å¼€å§‹
2022-01-16 00:29:00.012 INFO  c.amber.insect.knowledgebase.job.EbookSnapshotJob :35   [32m2628171627368448  [0;39m ç”Ÿæˆä»Šæ—¥ç”µå­ä¹¦å¿«ç…§ç»“æŸï¼Œè€—æ—¶ï¼š5æ¯«ç§’
2022-01-16 00:29:05.007 INFO  com.amber.insect.knowledgebase.job.DocJob         :32   [32m2628192603082752  [0;39m æ›´æ–°ç”µå­ä¹¦ä¸‹çš„æ–‡æ¡£æ•°æ®å¼€å§‹
2022-01-16 00:29:05.008 INFO  com.amber.insect.knowledgebase.job.DocJob         :35   [32m2628192603082752  [0;39m æ›´æ–°ç”µå­ä¹¦ä¸‹çš„æ–‡æ¡£æ•°æ®ç»“æŸï¼Œè€—æ—¶ï¼š0æ¯«ç§’
2022-01-16 00:29:35.002 INFO  com.amber.insect.knowledgebase.job.DocJob         :32   [32m2628318411231232  [0;39m æ›´æ–°ç”µå­ä¹¦ä¸‹çš„æ–‡æ¡£æ•°æ®å¼€å§‹
2022-01-16 00:29:35.003 INFO  com.amber.insect.knowledgebase.job.DocJob         :35   [32m2628318411231232  [0;39m æ›´æ–°ç”µå­ä¹¦ä¸‹çš„æ–‡æ¡£æ•°æ®ç»“æŸï¼Œè€—æ—¶ï¼š0æ¯«ç§’
2022-01-16 00:30:00.015 INFO  c.amber.insect.knowledgebase.job.EbookSnapshotJob :32   [32m2628423323357184  [0;39m ç”Ÿæˆä»Šæ—¥ç”µå­ä¹¦å¿«ç…§å¼€å§‹
2022-01-16 00:30:00.019 INFO  c.amber.insect.knowledgebase.job.EbookSnapshotJob :35   [32m2628423323357184  [0;39m ç”Ÿæˆä»Šæ—¥ç”µå­ä¹¦å¿«ç…§ç»“æŸï¼Œè€—æ—¶ï¼š4æ¯«ç§’
2022-01-16 00:30:05.006 INFO  com.amber.insect.knowledgebase.job.DocJob         :32   [32m2628444257128448  [0;39m æ›´æ–°ç”µå­ä¹¦ä¸‹çš„æ–‡æ¡£æ•°æ®å¼€å§‹
2022-01-16 00:30:05.007 INFO  com.amber.insect.knowledgebase.job.DocJob         :35   [32m2628444257128448  [0;39m æ›´æ–°ç”µå­ä¹¦ä¸‹çš„æ–‡æ¡£æ•°æ®ç»“æŸï¼Œè€—æ—¶ï¼š0æ¯«ç§’
2022-01-16 00:30:35.015 INFO  com.amber.insect.knowledgebase.job.DocJob         :32   [32m2628570123997184  [0;39m æ›´æ–°ç”µå­ä¹¦ä¸‹çš„æ–‡æ¡£æ•°æ®å¼€å§‹
2022-01-16 00:30:35.016 INFO  com.amber.insect.knowledgebase.job.DocJob         :35   [32m2628570123997184  [0;39m æ›´æ–°ç”µå­ä¹¦ä¸‹çš„æ–‡æ¡£æ•°æ®ç»“æŸï¼Œè€—æ—¶ï¼š0æ¯«ç§’
2022-01-16 00:31:00.004 INFO  c.amber.insect.knowledgebase.job.EbookSnapshotJob :32   [32m2628674935459840  [0;39m ç”Ÿæˆä»Šæ—¥ç”µå­ä¹¦å¿«ç…§å¼€å§‹
2022-01-16 00:31:00.011 INFO  c.amber.insect.knowledgebase.job.EbookSnapshotJob :35   [32m2628674935459840  [0;39m ç”Ÿæˆä»Šæ—¥ç”µå­ä¹¦å¿«ç…§ç»“æŸï¼Œè€—æ—¶ï¼š5æ¯«ç§’
2022-01-16 00:31:05.013 INFO  com.amber.insect.knowledgebase.job.DocJob         :32   [32m2628695944728576  [0;39m æ›´æ–°ç”µå­ä¹¦ä¸‹çš„æ–‡æ¡£æ•°æ®å¼€å§‹
2022-01-16 00:31:05.014 INFO  com.amber.insect.knowledgebase.job.DocJob         :35   [32m2628695944728576  [0;39m æ›´æ–°ç”µå­ä¹¦ä¸‹çš„æ–‡æ¡£æ•°æ®ç»“æŸï¼Œè€—æ—¶ï¼š0æ¯«ç§’
2022-01-16 00:31:35.012 INFO  com.amber.insect.knowledgebase.job.DocJob         :32   [32m2628821769654272  [0;39m æ›´æ–°ç”µå­ä¹¦ä¸‹çš„æ–‡æ¡£æ•°æ®å¼€å§‹
2022-01-16 00:31:35.013 INFO  com.amber.insect.knowledgebase.job.DocJob         :35   [32m2628821769654272  [0;39m æ›´æ–°ç”µå­ä¹¦ä¸‹çš„æ–‡æ¡£æ•°æ®ç»“æŸï¼Œè€—æ—¶ï¼š0æ¯«ç§’
2022-01-16 00:32:00.012 INFO  c.amber.insect.knowledgebase.job.EbookSnapshotJob :32   [32m2628926627254272  [0;39m ç”Ÿæˆä»Šæ—¥ç”µå­ä¹¦å¿«ç…§å¼€å§‹
2022-01-16 00:32:00.023 INFO  c.amber.insect.knowledgebase.job.EbookSnapshotJob :35   [32m2628926627254272  [0;39m ç”Ÿæˆä»Šæ—¥ç”µå­ä¹¦å¿«ç…§ç»“æŸï¼Œè€—æ—¶ï¼š11æ¯«ç§’
2022-01-16 00:32:05.010 INFO  com.amber.insect.knowledgebase.job.DocJob         :32   [32m2628947590385664  [0;39m æ›´æ–°ç”µå­ä¹¦ä¸‹çš„æ–‡æ¡£æ•°æ®å¼€å§‹
2022-01-16 00:32:05.011 INFO  com.amber.insect.knowledgebase.job.DocJob         :35   [32m2628947590385664  [0;39m æ›´æ–°ç”µå­ä¹¦ä¸‹çš„æ–‡æ¡£æ•°æ®ç»“æŸï¼Œè€—æ—¶ï¼š0æ¯«ç§’
2022-01-16 00:32:35.005 INFO  com.amber.insect.knowledgebase.job.DocJob         :32   [32m2629073398534144  [0;39m æ›´æ–°ç”µå­ä¹¦ä¸‹çš„æ–‡æ¡£æ•°æ®å¼€å§‹
2022-01-16 00:32:35.006 INFO  com.amber.insect.knowledgebase.job.DocJob         :35   [32m2629073398534144  [0;39m æ›´æ–°ç”µå­ä¹¦ä¸‹çš„æ–‡æ¡£æ•°æ®ç»“æŸï¼Œè€—æ—¶ï¼š0æ¯«ç§’
2022-01-16 00:33:00.003 INFO  c.amber.insect.knowledgebase.job.EbookSnapshotJob :32   [32m2629178247745536  [0;39m ç”Ÿæˆä»Šæ—¥ç”µå­ä¹¦å¿«ç…§å¼€å§‹
2022-01-16 00:33:00.009 INFO  c.amber.insect.knowledgebase.job.EbookSnapshotJob :35   [32m2629178247745536  [0;39m ç”Ÿæˆä»Šæ—¥ç”µå­ä¹¦å¿«ç…§ç»“æŸï¼Œè€—æ—¶ï¼š5æ¯«ç§’
2022-01-16 00:33:05.001 INFO  com.amber.insect.knowledgebase.job.DocJob         :32   [32m2629199210876928  [0;39m æ›´æ–°ç”µå­ä¹¦ä¸‹çš„æ–‡æ¡£æ•°æ®å¼€å§‹
2022-01-16 00:33:05.002 INFO  com.amber.insect.knowledgebase.job.DocJob         :35   [32m2629199210876928  [0;39m æ›´æ–°ç”µå­ä¹¦ä¸‹çš„æ–‡æ¡£æ•°æ®ç»“æŸï¼Œè€—æ—¶ï¼š0æ¯«ç§’
2022-01-16 00:33:35.005 INFO  com.amber.insect.knowledgebase.job.DocJob         :32   [32m2629325056774144  [0;39m æ›´æ–°ç”µå­ä¹¦ä¸‹çš„æ–‡æ¡£æ•°æ®å¼€å§‹
2022-01-16 00:33:35.006 INFO  com.amber.insect.knowledgebase.job.DocJob         :35   [32m2629325056774144  [0;39m æ›´æ–°ç”µå­ä¹¦ä¸‹çš„æ–‡æ¡£æ•°æ®ç»“æŸï¼Œè€—æ—¶ï¼š0æ¯«ç§’
2022-01-16 00:34:00.004 INFO  c.amber.insect.knowledgebase.job.EbookSnapshotJob :32   [32m2629429910179840  [0;39m ç”Ÿæˆä»Šæ—¥ç”µå­ä¹¦å¿«ç…§å¼€å§‹
2022-01-16 00:34:00.011 INFO  c.amber.insect.knowledgebase.job.EbookSnapshotJob :35   [32m2629429910179840  [0;39m ç”Ÿæˆä»Šæ—¥ç”µå­ä¹¦å¿«ç…§ç»“æŸï¼Œè€—æ—¶ï¼š7æ¯«ç§’
2022-01-16 00:34:05.002 INFO  com.amber.insect.knowledgebase.job.DocJob         :32   [32m2629450873311232  [0;39m æ›´æ–°ç”µå­ä¹¦ä¸‹çš„æ–‡æ¡£æ•°æ®å¼€å§‹
2022-01-16 00:34:05.002 INFO  com.amber.insect.knowledgebase.job.DocJob         :35   [32m2629450873311232  [0;39m æ›´æ–°ç”µå­ä¹¦ä¸‹çš„æ–‡æ¡£æ•°æ®ç»“æŸï¼Œè€—æ—¶ï¼š0æ¯«ç§’
2022-01-16 00:34:35.004 INFO  com.amber.insect.knowledgebase.job.DocJob         :32   [32m2629576710819840  [0;39m æ›´æ–°ç”µå­ä¹¦ä¸‹çš„æ–‡æ¡£æ•°æ®å¼€å§‹
2022-01-16 00:34:35.005 INFO  com.amber.insect.knowledgebase.job.DocJob         :35   [32m2629576710819840  [0;39m æ›´æ–°ç”µå­ä¹¦ä¸‹çš„æ–‡æ¡£æ•°æ®ç»“æŸï¼Œè€—æ—¶ï¼š0æ¯«ç§’
2022-01-16 00:35:00.005 INFO  c.amber.insect.knowledgebase.job.EbookSnapshotJob :32   [32m2629681572614144  [0;39m ç”Ÿæˆä»Šæ—¥ç”µå­ä¹¦å¿«ç…§å¼€å§‹
2022-01-16 00:35:00.011 INFO  c.amber.insect.knowledgebase.job.EbookSnapshotJob :35   [32m2629681572614144  [0;39m ç”Ÿæˆä»Šæ—¥ç”µå­ä¹¦å¿«ç…§ç»“æŸï¼Œè€—æ—¶ï¼š5æ¯«ç§’
2022-01-16 00:35:05.006 INFO  com.amber.insect.knowledgebase.job.DocJob         :32   [32m2629702548328448  [0;39m æ›´æ–°ç”µå­ä¹¦ä¸‹çš„æ–‡æ¡£æ•°æ®å¼€å§‹
2022-01-16 00:35:05.006 INFO  com.amber.insect.knowledgebase.job.DocJob         :35   [32m2629702548328448  [0;39m æ›´æ–°ç”µå­ä¹¦ä¸‹çš„æ–‡æ¡£æ•°æ®ç»“æŸï¼Œè€—æ—¶ï¼š0æ¯«ç§’
2022-01-16 00:35:35.012 INFO  com.amber.insect.knowledgebase.job.DocJob         :32   [32m2629828402614272  [0;39m æ›´æ–°ç”µå­ä¹¦ä¸‹çš„æ–‡æ¡£æ•°æ®å¼€å§‹
2022-01-16 00:35:35.012 INFO  com.amber.insect.knowledgebase.job.DocJob         :35   [32m2629828402614272  [0;39m æ›´æ–°ç”µå­ä¹¦ä¸‹çš„æ–‡æ¡£æ•°æ®ç»“æŸï¼Œè€—æ—¶ï¼š0æ¯«ç§’
2022-01-16 00:35:38.174 ERROR c.a.insect.knowledgebase.websocket.WebSocketServer:57   [32m                  [0;39m å‘ç”Ÿé”™è¯¯
java.io.EOFException: null
	at org.apache.tomcat.util.net.NioEndpoint$NioSocketWrapper.fillReadBuffer(NioEndpoint.java:1328)
	at org.apache.tomcat.util.net.NioEndpoint$NioSocketWrapper.read(NioEndpoint.java:1215)
	at org.apache.tomcat.websocket.server.WsFrameServer.onDataAvailable(WsFrameServer.java:75)
	at org.apache.tomcat.websocket.server.WsFrameServer.doOnDataAvailable(WsFrameServer.java:183)
	at org.apache.tomcat.websocket.server.WsFrameServer.notifyDataAvailable(WsFrameServer.java:162)
	at org.apache.tomcat.websocket.server.WsHttpUpgradeHandler.upgradeDispatch(WsHttpUpgradeHandler.java:157)
	at org.apache.coyote.http11.upgrade.UpgradeProcessorInternal.dispatch(UpgradeProcessorInternal.java:60)
	at org.apache.coyote.AbstractProcessorLight.process(AbstractProcessorLight.java:59)
	at org.apache.coyote.AbstractProtocol$ConnectionHandler.process(AbstractProtocol.java:895)
	at org.apache.tomcat.util.net.NioEndpoint$SocketProcessor.doRun(NioEndpoint.java:1732)
	at org.apache.tomcat.util.net.SocketProcessorBase.run(SocketProcessorBase.java:49)
	at org.apache.tomcat.util.threads.ThreadPoolExecutor.runWorker(ThreadPoolExecutor.java:1191)
	at org.apache.tomcat.util.threads.ThreadPoolExecutor$Worker.run(ThreadPoolExecutor.java:659)
	at org.apache.tomcat.util.threads.TaskThread$WrappingRunnable.run(TaskThread.java:61)
	at java.lang.Thread.run(Thread.java:748)
2022-01-16 00:35:38.177 INFO  c.a.insect.knowledgebase.websocket.WebSocketServer:41   [32m                  [0;39m è¿æ¥å…³é—­ï¼Œtokenï¼š3IG9Vq1Gkmï¼Œsession idï¼š11ï¼å½“å‰è¿æ¥æ•°ï¼š0
2022-01-16 09:16:00.780 INFO  c.amber.insect.knowledgebase.job.EbookSnapshotJob :32   [32m2760798766239744  [0;39m ç”Ÿæˆä»Šæ—¥ç”µå­ä¹¦å¿«ç…§å¼€å§‹
2022-01-16 09:16:00.809 INFO  c.amber.insect.knowledgebase.job.EbookSnapshotJob :35   [32m2760798766239744  [0;39m ç”Ÿæˆä»Šæ—¥ç”µå­ä¹¦å¿«ç…§ç»“æŸï¼Œè€—æ—¶ï¼š28æ¯«ç§’
2022-01-16 09:16:00.810 INFO  com.amber.insect.knowledgebase.job.DocJob         :32   [32m2760798892068864  [0;39m æ›´æ–°ç”µå­ä¹¦ä¸‹çš„æ–‡æ¡£æ•°æ®å¼€å§‹
2022-01-16 09:16:00.810 INFO  com.amber.insect.knowledgebase.job.DocJob         :35   [32m2760798892068864  [0;39m æ›´æ–°ç”µå­ä¹¦ä¸‹çš„æ–‡æ¡£æ•°æ®ç»“æŸï¼Œè€—æ—¶ï¼š0æ¯«ç§’
2022-01-16 09:16:05.014 INFO  com.amber.insect.knowledgebase.job.DocJob         :32   [32m2760816524922880  [0;39m æ›´æ–°ç”µå­ä¹¦ä¸‹çš„æ–‡æ¡£æ•°æ®å¼€å§‹
2022-01-16 09:16:05.014 INFO  com.amber.insect.knowledgebase.job.DocJob         :35   [32m2760816524922880  [0;39m æ›´æ–°ç”µå­ä¹¦ä¸‹çš„æ–‡æ¡£æ•°æ®ç»“æŸï¼Œè€—æ—¶ï¼š0æ¯«ç§’
2022-01-16 09:16:35.013 INFO  com.amber.insect.knowledgebase.job.DocJob         :32   [32m2760942349848576  [0;39m æ›´æ–°ç”µå­ä¹¦ä¸‹çš„æ–‡æ¡£æ•°æ®å¼€å§‹
2022-01-16 09:16:35.013 INFO  com.amber.insect.knowledgebase.job.DocJob         :35   [32m2760942349848576  [0;39m æ›´æ–°ç”µå­ä¹¦ä¸‹çš„æ–‡æ¡£æ•°æ®ç»“æŸï¼Œè€—æ—¶ï¼š0æ¯«ç§’
2022-01-16 09:16:54.657 INFO  c.amber.insect.knowledgebase.job.EbookSnapshotJob :32   [32m2761024742756352  [0;39m ç”Ÿæˆä»Šæ—¥ç”µå­ä¹¦å¿«ç…§å¼€å§‹
2022-01-16 09:16:54.661 INFO  c.amber.insect.knowledgebase.job.EbookSnapshotJob :35   [32m2761024742756352  [0;39m ç”Ÿæˆä»Šæ—¥ç”µå­ä¹¦å¿«ç…§ç»“æŸï¼Œè€—æ—¶ï¼š3æ¯«ç§’
2022-01-16 09:16:59.654 INFO  com.amber.insect.knowledgebase.job.DocJob         :32   [32m2761045701693440  [0;39m æ›´æ–°ç”µå­ä¹¦ä¸‹çš„æ–‡æ¡£æ•°æ®å¼€å§‹
2022-01-16 09:16:59.654 INFO  com.amber.insect.knowledgebase.job.DocJob         :35   [32m2761045701693440  [0;39m æ›´æ–°ç”µå­ä¹¦ä¸‹çš„æ–‡æ¡£æ•°æ®ç»“æŸï¼Œè€—æ—¶ï¼š0æ¯«ç§’
2022-01-16 09:17:11.330 INFO  c.a.i.knowledgebase.interceptor.LoginInterceptor  :32   [32m                  [0;39m ------------- LoginInterceptor å¼€å§‹ -------------
2022-01-16 09:17:11.330 INFO  c.a.i.knowledgebase.interceptor.LoginInterceptor  :68   [32m                  [0;39m ------------- LoginInterceptor ç»“æŸ è€—æ—¶ï¼š0 ms -------------
2022-01-16 09:17:11.332 INFO  c.a.i.knowledgebase.interceptor.LoginInterceptor  :32   [32m                  [0;39m ------------- LoginInterceptor å¼€å§‹ -------------
2022-01-16 09:17:11.332 INFO  c.a.i.knowledgebase.interceptor.LoginInterceptor  :43   [32m                  [0;39m æ¥å£ç™»å½•æ‹¦æˆªï¼šï¼Œpathï¼šhttp://127.0.0.1:8880/tag/getTagListPage
2022-01-16 09:17:11.332 INFO  c.a.i.knowledgebase.interceptor.LoginInterceptor  :47   [32m                  [0;39m ç™»å½•æ ¡éªŒå¼€å§‹ï¼Œtokenï¼š2609596447461376
2022-01-16 09:17:11.333 INFO  c.a.i.knowledgebase.interceptor.LoginInterceptor  :59   [32m                  [0;39m å·²ç™»å½•ï¼š{"id":1,"passWord":"1f15d405949c4ed3c2279aa6d48b1e9a","token":"2609596447461376","userCode":"admin","userName":"æé›¨æ³½"}
2022-01-16 09:17:11.350 INFO  c.a.i.knowledgebase.interceptor.LoginInterceptor  :68   [32m                  [0;39m ------------- LoginInterceptor ç»“æŸ è€—æ—¶ï¼š18 ms -------------
2022-01-16 09:17:15.005 INFO  c.a.i.knowledgebase.interceptor.LoginInterceptor  :32   [32m                  [0;39m ------------- LoginInterceptor å¼€å§‹ -------------
2022-01-16 09:17:15.005 INFO  c.a.i.knowledgebase.interceptor.LoginInterceptor  :68   [32m                  [0;39m ------------- LoginInterceptor ç»“æŸ è€—æ—¶ï¼š0 ms -------------
2022-01-16 09:17:15.007 INFO  c.a.i.knowledgebase.interceptor.LoginInterceptor  :32   [32m                  [0;39m ------------- LoginInterceptor å¼€å§‹ -------------
2022-01-16 09:17:15.007 INFO  c.a.i.knowledgebase.interceptor.LoginInterceptor  :43   [32m                  [0;39m æ¥å£ç™»å½•æ‹¦æˆªï¼šï¼Œpathï¼šhttp://127.0.0.1:8880/user/getUserListPage
2022-01-16 09:17:15.007 INFO  c.a.i.knowledgebase.interceptor.LoginInterceptor  :47   [32m                  [0;39m ç™»å½•æ ¡éªŒå¼€å§‹ï¼Œtokenï¼š2609596447461376
2022-01-16 09:17:15.008 INFO  c.a.i.knowledgebase.interceptor.LoginInterceptor  :59   [32m                  [0;39m å·²ç™»å½•ï¼š{"id":1,"passWord":"1f15d405949c4ed3c2279aa6d48b1e9a","token":"2609596447461376","userCode":"admin","userName":"æé›¨æ³½"}
2022-01-16 09:17:15.012 INFO  c.a.i.knowledgebase.interceptor.LoginInterceptor  :68   [32m                  [0;39m ------------- LoginInterceptor ç»“æŸ è€—æ—¶ï¼š5 ms -------------
2022-01-16 09:17:35.010 INFO  com.amber.insect.knowledgebase.job.DocJob         :32   [32m2761193995505664  [0;39m æ›´æ–°ç”µå­ä¹¦ä¸‹çš„æ–‡æ¡£æ•°æ®å¼€å§‹
2022-01-16 09:17:35.010 INFO  com.amber.insect.knowledgebase.job.DocJob         :35   [32m2761193995505664  [0;39m æ›´æ–°ç”µå­ä¹¦ä¸‹çš„æ–‡æ¡£æ•°æ®ç»“æŸï¼Œè€—æ—¶ï¼š0æ¯«ç§’
2022-01-16 09:18:00.012 INFO  c.amber.insect.knowledgebase.job.EbookSnapshotJob :32   [32m2761298861494272  [0;39m ç”Ÿæˆä»Šæ—¥ç”µå­ä¹¦å¿«ç…§å¼€å§‹
2022-01-16 09:18:00.020 INFO  c.amber.insect.knowledgebase.job.EbookSnapshotJob :35   [32m2761298861494272  [0;39m ç”Ÿæˆä»Šæ—¥ç”µå­ä¹¦å¿«ç…§ç»“æŸï¼Œè€—æ—¶ï¼š7æ¯«ç§’
2022-01-16 09:18:05.000 INFO  com.amber.insect.knowledgebase.job.DocJob         :32   [32m2761319782682624  [0;39m æ›´æ–°ç”µå­ä¹¦ä¸‹çš„æ–‡æ¡£æ•°æ®å¼€å§‹
2022-01-16 09:18:05.001 INFO  com.amber.insect.knowledgebase.job.DocJob         :35   [32m2761319782682624  [0;39m æ›´æ–°ç”µå­ä¹¦ä¸‹çš„æ–‡æ¡£æ•°æ®ç»“æŸï¼Œè€—æ—¶ï¼š0æ¯«ç§’
2022-01-16 09:18:11.045 INFO  c.a.i.knowledgebase.interceptor.LoginInterceptor  :32   [32m                  [0;39m ------------- LoginInterceptor å¼€å§‹ -------------
2022-01-16 09:18:11.045 INFO  c.a.i.knowledgebase.interceptor.LoginInterceptor  :43   [32m                  [0;39m æ¥å£ç™»å½•æ‹¦æˆªï¼šï¼Œpathï¼šhttp://127.0.0.1:8880/tag/getTagListPage
2022-01-16 09:18:11.045 INFO  c.a.i.knowledgebase.interceptor.LoginInterceptor  :47   [32m                  [0;39m ç™»å½•æ ¡éªŒå¼€å§‹ï¼Œtokenï¼š2609596447461376
2022-01-16 09:18:11.046 INFO  c.a.i.knowledgebase.interceptor.LoginInterceptor  :59   [32m                  [0;39m å·²ç™»å½•ï¼š{"id":1,"passWord":"1f15d405949c4ed3c2279aa6d48b1e9a","token":"2609596447461376","userCode":"admin","userName":"æé›¨æ³½"}
2022-01-16 09:18:11.048 INFO  c.a.i.knowledgebase.interceptor.LoginInterceptor  :68   [32m                  [0;39m ------------- LoginInterceptor ç»“æŸ è€—æ—¶ï¼š3 ms -------------
2022-01-16 09:18:35.012 INFO  com.amber.insect.knowledgebase.job.DocJob         :32   [32m2761445662134272  [0;39m æ›´æ–°ç”µå­ä¹¦ä¸‹çš„æ–‡æ¡£æ•°æ®å¼€å§‹
2022-01-16 09:18:35.012 INFO  com.amber.insect.knowledgebase.job.DocJob         :35   [32m2761445662134272  [0;39m æ›´æ–°ç”µå­ä¹¦ä¸‹çš„æ–‡æ¡£æ•°æ®ç»“æŸï¼Œè€—æ—¶ï¼š0æ¯«ç§’
2022-01-16 09:19:00.008 INFO  c.amber.insect.knowledgebase.job.EbookSnapshotJob :32   [32m2761550502957056  [0;39m ç”Ÿæˆä»Šæ—¥ç”µå­ä¹¦å¿«ç…§å¼€å§‹
2022-01-16 09:19:00.014 INFO  c.amber.insect.knowledgebase.job.EbookSnapshotJob :35   [32m2761550502957056  [0;39m ç”Ÿæˆä»Šæ—¥ç”µå­ä¹¦å¿«ç…§ç»“æŸï¼Œè€—æ—¶ï¼š5æ¯«ç§’
2022-01-16 09:19:05.001 INFO  com.amber.insect.knowledgebase.job.DocJob         :32   [32m2761571445116928  [0;39m æ›´æ–°ç”µå­ä¹¦ä¸‹çš„æ–‡æ¡£æ•°æ®å¼€å§‹
2022-01-16 09:19:05.002 INFO  com.amber.insect.knowledgebase.job.DocJob         :35   [32m2761571445116928  [0;39m æ›´æ–°ç”µå­ä¹¦ä¸‹çš„æ–‡æ¡£æ•°æ®ç»“æŸï¼Œè€—æ—¶ï¼š0æ¯«ç§’
2022-01-16 09:19:35.002 INFO  com.amber.insect.knowledgebase.job.DocJob         :32   [32m2761697278431232  [0;39m æ›´æ–°ç”µå­ä¹¦ä¸‹çš„æ–‡æ¡£æ•°æ®å¼€å§‹
2022-01-16 09:19:35.002 INFO  com.amber.insect.knowledgebase.job.DocJob         :35   [32m2761697278431232  [0;39m æ›´æ–°ç”µå­ä¹¦ä¸‹çš„æ–‡æ¡£æ•°æ®ç»“æŸï¼Œè€—æ—¶ï¼š0æ¯«ç§’
2022-01-16 09:20:00.002 INFO  c.amber.insect.knowledgebase.job.EbookSnapshotJob :32   [32m2761802136031232  [0;39m ç”Ÿæˆä»Šæ—¥ç”µå­ä¹¦å¿«ç…§å¼€å§‹
2022-01-16 09:20:00.009 INFO  c.amber.insect.knowledgebase.job.EbookSnapshotJob :35   [32m2761802136031232  [0;39m ç”Ÿæˆä»Šæ—¥ç”µå­ä¹¦å¿«ç…§ç»“æŸï¼Œè€—æ—¶ï¼š6æ¯«ç§’
2022-01-16 09:20:05.008 INFO  com.amber.insect.knowledgebase.job.DocJob         :32   [32m2761823132717056  [0;39m æ›´æ–°ç”µå­ä¹¦ä¸‹çš„æ–‡æ¡£æ•°æ®å¼€å§‹
2022-01-16 09:20:05.009 INFO  com.amber.insect.knowledgebase.job.DocJob         :35   [32m2761823132717056  [0;39m æ›´æ–°ç”µå­ä¹¦ä¸‹çš„æ–‡æ¡£æ•°æ®ç»“æŸï¼Œè€—æ—¶ï¼š0æ¯«ç§’
2022-01-16 09:20:35.003 INFO  com.amber.insect.knowledgebase.job.DocJob         :32   [32m2761948940865536  [0;39m æ›´æ–°ç”µå­ä¹¦ä¸‹çš„æ–‡æ¡£æ•°æ®å¼€å§‹
2022-01-16 09:20:35.004 INFO  com.amber.insect.knowledgebase.job.DocJob         :35   [32m2761948940865536  [0;39m æ›´æ–°ç”µå­ä¹¦ä¸‹çš„æ–‡æ¡£æ•°æ®ç»“æŸï¼Œè€—æ—¶ï¼š0æ¯«ç§’
2022-01-16 09:21:00.015 INFO  c.amber.insect.knowledgebase.job.EbookSnapshotJob :32   [32m2762053848797184  [0;39m ç”Ÿæˆä»Šæ—¥ç”µå­ä¹¦å¿«ç…§å¼€å§‹
2022-01-16 09:21:00.023 INFO  c.amber.insect.knowledgebase.job.EbookSnapshotJob :35   [32m2762053848797184  [0;39m ç”Ÿæˆä»Šæ—¥ç”µå­ä¹¦å¿«ç…§ç»“æŸï¼Œè€—æ—¶ï¼š8æ¯«ç§’
2022-01-16 09:21:05.011 INFO  com.amber.insect.knowledgebase.job.DocJob         :32   [32m2762074803539968  [0;39m æ›´æ–°ç”µå­ä¹¦ä¸‹çš„æ–‡æ¡£æ•°æ®å¼€å§‹
2022-01-16 09:21:05.011 INFO  com.amber.insect.knowledgebase.job.DocJob         :35   [32m2762074803539968  [0;39m æ›´æ–°ç”µå­ä¹¦ä¸‹çš„æ–‡æ¡£æ•°æ®ç»“æŸï¼Œè€—æ—¶ï¼š0æ¯«ç§’
2022-01-16 09:21:35.013 INFO  com.amber.insect.knowledgebase.job.DocJob         :32   [32m2762200641048576  [0;39m æ›´æ–°ç”µå­ä¹¦ä¸‹çš„æ–‡æ¡£æ•°æ®å¼€å§‹
2022-01-16 09:21:35.013 INFO  com.amber.insect.knowledgebase.job.DocJob         :35   [32m2762200641048576  [0;39m æ›´æ–°ç”µå­ä¹¦ä¸‹çš„æ–‡æ¡£æ•°æ®ç»“æŸï¼Œè€—æ—¶ï¼š0æ¯«ç§’
2022-01-16 09:22:00.006 INFO  c.amber.insect.knowledgebase.job.EbookSnapshotJob :32   [32m2762305469288448  [0;39m ç”Ÿæˆä»Šæ—¥ç”µå­ä¹¦å¿«ç…§å¼€å§‹
2022-01-16 09:22:00.013 INFO  c.amber.insect.knowledgebase.job.EbookSnapshotJob :35   [32m2762305469288448  [0;39m ç”Ÿæˆä»Šæ—¥ç”µå­ä¹¦å¿«ç…§ç»“æŸï¼Œè€—æ—¶ï¼š7æ¯«ç§’
2022-01-16 09:22:05.003 INFO  com.amber.insect.knowledgebase.job.DocJob         :32   [32m2762326428225536  [0;39m æ›´æ–°ç”µå­ä¹¦ä¸‹çš„æ–‡æ¡£æ•°æ®å¼€å§‹
2022-01-16 09:22:05.003 INFO  com.amber.insect.knowledgebase.job.DocJob         :35   [32m2762326428225536  [0;39m æ›´æ–°ç”µå­ä¹¦ä¸‹çš„æ–‡æ¡£æ•°æ®ç»“æŸï¼Œè€—æ—¶ï¼š0æ¯«ç§’
2022-01-16 09:22:35.015 INFO  com.amber.insect.knowledgebase.job.DocJob         :32   [32m2762452307677184  [0;39m æ›´æ–°ç”µå­ä¹¦ä¸‹çš„æ–‡æ¡£æ•°æ®å¼€å§‹
2022-01-16 09:22:35.015 INFO  com.amber.insect.knowledgebase.job.DocJob         :35   [32m2762452307677184  [0;39m æ›´æ–°ç”µå­ä¹¦ä¸‹çš„æ–‡æ¡£æ•°æ®ç»“æŸï¼Œè€—æ—¶ï¼š0æ¯«ç§’
2022-01-16 09:23:00.001 INFO  c.amber.insect.knowledgebase.job.EbookSnapshotJob :32   [32m2762557106556928  [0;39m ç”Ÿæˆä»Šæ—¥ç”µå­ä¹¦å¿«ç…§å¼€å§‹
2022-01-16 09:23:00.008 INFO  c.amber.insect.knowledgebase.job.EbookSnapshotJob :35   [32m2762557106556928  [0;39m ç”Ÿæˆä»Šæ—¥ç”µå­ä¹¦å¿«ç…§ç»“æŸï¼Œè€—æ—¶ï¼š6æ¯«ç§’
2022-01-16 09:23:05.013 INFO  com.amber.insect.knowledgebase.job.DocJob         :32   [32m2762578128408576  [0;39m æ›´æ–°ç”µå­ä¹¦ä¸‹çš„æ–‡æ¡£æ•°æ®å¼€å§‹
2022-01-16 09:23:05.013 INFO  com.amber.insect.knowledgebase.job.DocJob         :35   [32m2762578128408576  [0;39m æ›´æ–°ç”µå­ä¹¦ä¸‹çš„æ–‡æ¡£æ•°æ®ç»“æŸï¼Œè€—æ—¶ï¼š0æ¯«ç§’
2022-01-16 09:23:10.242 INFO  c.a.i.knowledgebase.interceptor.LoginInterceptor  :32   [32m                  [0;39m ------------- LoginInterceptor å¼€å§‹ -------------
2022-01-16 09:23:10.242 INFO  c.a.i.knowledgebase.interceptor.LoginInterceptor  :68   [32m                  [0;39m ------------- LoginInterceptor ç»“æŸ è€—æ—¶ï¼š0 ms -------------
2022-01-16 09:23:10.244 INFO  c.a.i.knowledgebase.interceptor.LoginInterceptor  :32   [32m                  [0;39m ------------- LoginInterceptor å¼€å§‹ -------------
2022-01-16 09:23:10.244 INFO  c.a.i.knowledgebase.interceptor.LoginInterceptor  :43   [32m                  [0;39m æ¥å£ç™»å½•æ‹¦æˆªï¼šï¼Œpathï¼šhttp://127.0.0.1:8880/doc/save
2022-01-16 09:23:10.244 INFO  c.a.i.knowledgebase.interceptor.LoginInterceptor  :47   [32m                  [0;39m ç™»å½•æ ¡éªŒå¼€å§‹ï¼Œtokenï¼š2609596447461376
2022-01-16 09:23:10.245 INFO  c.a.i.knowledgebase.interceptor.LoginInterceptor  :59   [32m                  [0;39m å·²ç™»å½•ï¼š{"id":1,"passWord":"1f15d405949c4ed3c2279aa6d48b1e9a","token":"2609596447461376","userCode":"admin","userName":"æé›¨æ³½"}
2022-01-16 09:23:10.608 INFO  c.a.i.knowledgebase.interceptor.LoginInterceptor  :68   [32m                  [0;39m ------------- LoginInterceptor ç»“æŸ è€—æ—¶ï¼š364 ms -------------
2022-01-16 09:23:30.385 INFO  c.a.insect.knowledgebase.websocket.WebSocketServer:32   [32m                  [0;39m æœ‰æ–°è¿æ¥ï¼štokenï¼šghOvD8qNdrï¼Œsession idï¼š12ï¼Œå½“å‰è¿æ¥æ•°ï¼š1
2022-01-16 09:23:35.013 INFO  com.amber.insect.knowledgebase.job.DocJob         :32   [32m2762703957528576  [0;39m æ›´æ–°ç”µå­ä¹¦ä¸‹çš„æ–‡æ¡£æ•°æ®å¼€å§‹
2022-01-16 09:23:35.013 INFO  com.amber.insect.knowledgebase.job.DocJob         :35   [32m2762703957528576  [0;39m æ›´æ–°ç”µå­ä¹¦ä¸‹çš„æ–‡æ¡£æ•°æ®ç»“æŸï¼Œè€—æ—¶ï¼š0æ¯«ç§’
2022-01-16 09:23:37.703 INFO  c.a.insect.knowledgebase.websocket.WebSocketServer:41   [32m                  [0;39m è¿æ¥å…³é—­ï¼Œtokenï¼šghOvD8qNdrï¼Œsession idï¼š12ï¼å½“å‰è¿æ¥æ•°ï¼š0
2022-01-16 09:24:00.006 INFO  c.amber.insect.knowledgebase.job.EbookSnapshotJob :32   [32m2762808785768448  [0;39m ç”Ÿæˆä»Šæ—¥ç”µå­ä¹¦å¿«ç…§å¼€å§‹
2022-01-16 09:24:00.012 INFO  c.amber.insect.knowledgebase.job.EbookSnapshotJob :35   [32m2762808785768448  [0;39m ç”Ÿæˆä»Šæ—¥ç”µå­ä¹¦å¿«ç…§ç»“æŸï¼Œè€—æ—¶ï¼š5æ¯«ç§’
2022-01-16 09:24:05.004 INFO  com.amber.insect.knowledgebase.job.DocJob         :32   [32m2762829748899840  [0;39m æ›´æ–°ç”µå­ä¹¦ä¸‹çš„æ–‡æ¡£æ•°æ®å¼€å§‹
2022-01-16 09:24:05.004 INFO  com.amber.insect.knowledgebase.job.DocJob         :35   [32m2762829748899840  [0;39m æ›´æ–°ç”µå­ä¹¦ä¸‹çš„æ–‡æ¡£æ•°æ®ç»“æŸï¼Œè€—æ—¶ï¼š0æ¯«ç§’
2022-01-16 09:24:22.487 INFO  com.amber.insect.knowledgebase.util.RedisUtil     :31   [32m                  [0;39m keyä¸å­˜åœ¨ï¼Œæ”¾å…¥ï¼šDOC_VOTE_2762600106561536_nullï¼Œè¿‡æœŸ 3000 ç§’
2022-01-16 09:24:35.008 INFO  com.amber.insect.knowledgebase.job.DocJob         :32   [32m2762955594797056  [0;39m æ›´æ–°ç”µå­ä¹¦ä¸‹çš„æ–‡æ¡£æ•°æ®å¼€å§‹
2022-01-16 09:24:35.009 INFO  com.amber.insect.knowledgebase.job.DocJob         :35   [32m2762955594797056  [0;39m æ›´æ–°ç”µå­ä¹¦ä¸‹çš„æ–‡æ¡£æ•°æ®ç»“æŸï¼Œè€—æ—¶ï¼š0æ¯«ç§’
2022-01-16 09:25:00.014 INFO  c.amber.insect.knowledgebase.job.EbookSnapshotJob :32   [32m2763060477562880  [0;39m ç”Ÿæˆä»Šæ—¥ç”µå­ä¹¦å¿«ç…§å¼€å§‹
2022-01-16 09:25:00.018 INFO  c.amber.insect.knowledgebase.job.EbookSnapshotJob :35   [32m2763060477562880  [0;39m ç”Ÿæˆä»Šæ—¥ç”µå­ä¹¦å¿«ç…§ç»“æŸï¼Œè€—æ—¶ï¼š4æ¯«ç§’
2022-01-16 09:25:05.002 INFO  com.amber.insect.knowledgebase.job.DocJob         :32   [32m2763081398751232  [0;39m æ›´æ–°ç”µå­ä¹¦ä¸‹çš„æ–‡æ¡£æ•°æ®å¼€å§‹
2022-01-16 09:25:05.002 INFO  com.amber.insect.knowledgebase.job.DocJob         :35   [32m2763081398751232  [0;39m æ›´æ–°ç”µå­ä¹¦ä¸‹çš„æ–‡æ¡£æ•°æ®ç»“æŸï¼Œè€—æ—¶ï¼š0æ¯«ç§’
2022-01-16 09:25:35.012 INFO  com.amber.insect.knowledgebase.job.DocJob         :32   [32m2763207269814272  [0;39m æ›´æ–°ç”µå­ä¹¦ä¸‹çš„æ–‡æ¡£æ•°æ®å¼€å§‹
2022-01-16 09:25:35.013 INFO  com.amber.insect.knowledgebase.job.DocJob         :35   [32m2763207269814272  [0;39m æ›´æ–°ç”µå­ä¹¦ä¸‹çš„æ–‡æ¡£æ•°æ®ç»“æŸï¼Œè€—æ—¶ï¼š0æ¯«ç§’
2022-01-16 09:26:00.004 INFO  c.amber.insect.knowledgebase.job.EbookSnapshotJob :32   [32m2763312093859840  [0;39m ç”Ÿæˆä»Šæ—¥ç”µå­ä¹¦å¿«ç…§å¼€å§‹
2022-01-16 09:26:00.009 INFO  c.amber.insect.knowledgebase.job.EbookSnapshotJob :35   [32m2763312093859840  [0;39m ç”Ÿæˆä»Šæ—¥ç”µå­ä¹¦å¿«ç…§ç»“æŸï¼Œè€—æ—¶ï¼š5æ¯«ç§’
2022-01-16 09:26:05.001 INFO  com.amber.insect.knowledgebase.job.DocJob         :32   [32m2763333052796928  [0;39m æ›´æ–°ç”µå­ä¹¦ä¸‹çš„æ–‡æ¡£æ•°æ®å¼€å§‹
2022-01-16 09:26:05.001 INFO  com.amber.insect.knowledgebase.job.DocJob         :35   [32m2763333052796928  [0;39m æ›´æ–°ç”µå­ä¹¦ä¸‹çš„æ–‡æ¡£æ•°æ®ç»“æŸï¼Œè€—æ—¶ï¼š0æ¯«ç§’
2022-01-16 09:26:35.007 INFO  com.amber.insect.knowledgebase.job.DocJob         :32   [32m2763458907082752  [0;39m æ›´æ–°ç”µå­ä¹¦ä¸‹çš„æ–‡æ¡£æ•°æ®å¼€å§‹
2022-01-16 09:26:35.008 INFO  com.amber.insect.knowledgebase.job.DocJob         :35   [32m2763458907082752  [0;39m æ›´æ–°ç”µå­ä¹¦ä¸‹çš„æ–‡æ¡£æ•°æ®ç»“æŸï¼Œè€—æ—¶ï¼š0æ¯«ç§’
2022-01-16 09:27:00.014 INFO  c.amber.insect.knowledgebase.job.EbookSnapshotJob :32   [32m2763563794042880  [0;39m ç”Ÿæˆä»Šæ—¥ç”µå­ä¹¦å¿«ç…§å¼€å§‹
2022-01-16 09:27:00.022 INFO  c.amber.insect.knowledgebase.job.EbookSnapshotJob :35   [32m2763563794042880  [0;39m ç”Ÿæˆä»Šæ—¥ç”µå­ä¹¦å¿«ç…§ç»“æŸï¼Œè€—æ—¶ï¼š8æ¯«ç§’
2022-01-16 09:27:05.014 INFO  com.amber.insect.knowledgebase.job.DocJob         :32   [32m2763584765562880  [0;39m æ›´æ–°ç”µå­ä¹¦ä¸‹çš„æ–‡æ¡£æ•°æ®å¼€å§‹
2022-01-16 09:27:05.014 INFO  com.amber.insect.knowledgebase.job.DocJob         :35   [32m2763584765562880  [0;39m æ›´æ–°ç”µå­ä¹¦ä¸‹çš„æ–‡æ¡£æ•°æ®ç»“æŸï¼Œè€—æ—¶ï¼š0æ¯«ç§’
2022-01-16 09:27:35.011 INFO  com.amber.insect.knowledgebase.job.DocJob         :32   [32m2763710582099968  [0;39m æ›´æ–°ç”µå­ä¹¦ä¸‹çš„æ–‡æ¡£æ•°æ®å¼€å§‹
2022-01-16 09:27:35.011 INFO  com.amber.insect.knowledgebase.job.DocJob         :35   [32m2763710582099968  [0;39m æ›´æ–°ç”µå­ä¹¦ä¸‹çš„æ–‡æ¡£æ•°æ®ç»“æŸï¼Œè€—æ—¶ï¼š0æ¯«ç§’
2022-01-16 09:28:00.002 INFO  c.amber.insect.knowledgebase.job.EbookSnapshotJob :32   [32m2763815401951232  [0;39m ç”Ÿæˆä»Šæ—¥ç”µå­ä¹¦å¿«ç…§å¼€å§‹
2022-01-16 09:28:00.007 INFO  c.amber.insect.knowledgebase.job.EbookSnapshotJob :35   [32m2763815401951232  [0;39m ç”Ÿæˆä»Šæ—¥ç”µå­ä¹¦å¿«ç…§ç»“æŸï¼Œè€—æ—¶ï¼š5æ¯«ç§’
2022-01-16 09:28:05.002 INFO  com.amber.insect.knowledgebase.job.DocJob         :32   [32m2763836373471232  [0;39m æ›´æ–°ç”µå­ä¹¦ä¸‹çš„æ–‡æ¡£æ•°æ®å¼€å§‹
2022-01-16 09:28:05.002 INFO  com.amber.insect.knowledgebase.job.DocJob         :35   [32m2763836373471232  [0;39m æ›´æ–°ç”µå­ä¹¦ä¸‹çš„æ–‡æ¡£æ•°æ®ç»“æŸï¼Œè€—æ—¶ï¼š0æ¯«ç§’
2022-01-16 09:28:35.004 INFO  com.amber.insect.knowledgebase.job.DocJob         :32   [32m2763962210979840  [0;39m æ›´æ–°ç”µå­ä¹¦ä¸‹çš„æ–‡æ¡£æ•°æ®å¼€å§‹
2022-01-16 09:28:35.004 INFO  com.amber.insect.knowledgebase.job.DocJob         :35   [32m2763962210979840  [0;39m æ›´æ–°ç”µå­ä¹¦ä¸‹çš„æ–‡æ¡£æ•°æ®ç»“æŸï¼Œè€—æ—¶ï¼š0æ¯«ç§’
2022-01-16 09:29:00.007 INFO  c.amber.insect.knowledgebase.job.EbookSnapshotJob :32   [32m2764067081162752  [0;39m ç”Ÿæˆä»Šæ—¥ç”µå­ä¹¦å¿«ç…§å¼€å§‹
2022-01-16 09:29:00.016 INFO  c.amber.insect.knowledgebase.job.EbookSnapshotJob :35   [32m2764067081162752  [0;39m ç”Ÿæˆä»Šæ—¥ç”µå­ä¹¦å¿«ç…§ç»“æŸï¼Œè€—æ—¶ï¼š8æ¯«ç§’
2022-01-16 09:29:05.006 INFO  com.amber.insect.knowledgebase.job.DocJob         :32   [32m2764088048488448  [0;39m æ›´æ–°ç”µå­ä¹¦ä¸‹çš„æ–‡æ¡£æ•°æ®å¼€å§‹
2022-01-16 09:29:05.006 INFO  com.amber.insect.knowledgebase.job.DocJob         :35   [32m2764088048488448  [0;39m æ›´æ–°ç”µå­ä¹¦ä¸‹çš„æ–‡æ¡£æ•°æ®ç»“æŸï¼Œè€—æ—¶ï¼š0æ¯«ç§’
2022-01-16 09:29:35.001 INFO  com.amber.insect.knowledgebase.job.DocJob         :32   [32m2764213856636928  [0;39m æ›´æ–°ç”µå­ä¹¦ä¸‹çš„æ–‡æ¡£æ•°æ®å¼€å§‹
2022-01-16 09:29:35.001 INFO  com.amber.insect.knowledgebase.job.DocJob         :35   [32m2764213856636928  [0;39m æ›´æ–°ç”µå­ä¹¦ä¸‹çš„æ–‡æ¡£æ•°æ®ç»“æŸï¼Œè€—æ—¶ï¼š0æ¯«ç§’
2022-01-16 09:30:00.003 INFO  c.amber.insect.knowledgebase.job.EbookSnapshotJob :32   [32m2764318722625536  [0;39m ç”Ÿæˆä»Šæ—¥ç”µå­ä¹¦å¿«ç…§å¼€å§‹
2022-01-16 09:30:00.007 INFO  c.amber.insect.knowledgebase.job.EbookSnapshotJob :35   [32m2764318722625536  [0;39m ç”Ÿæˆä»Šæ—¥ç”µå­ä¹¦å¿«ç…§ç»“æŸï¼Œè€—æ—¶ï¼š4æ¯«ç§’
2022-01-16 09:30:05.015 INFO  com.amber.insect.knowledgebase.job.DocJob         :32   [32m2764339744477184  [0;39m æ›´æ–°ç”µå­ä¹¦ä¸‹çš„æ–‡æ¡£æ•°æ®å¼€å§‹
2022-01-16 09:30:05.015 INFO  com.amber.insect.knowledgebase.job.DocJob         :35   [32m2764339744477184  [0;39m æ›´æ–°ç”µå­ä¹¦ä¸‹çš„æ–‡æ¡£æ•°æ®ç»“æŸï¼Œè€—æ—¶ï¼š0æ¯«ç§’
2022-01-16 09:30:35.002 INFO  com.amber.insect.knowledgebase.job.DocJob         :32   [32m2764465519071232  [0;39m æ›´æ–°ç”µå­ä¹¦ä¸‹çš„æ–‡æ¡£æ•°æ®å¼€å§‹
2022-01-16 09:30:35.002 INFO  com.amber.insect.knowledgebase.job.DocJob         :35   [32m2764465519071232  [0;39m æ›´æ–°ç”µå­ä¹¦ä¸‹çš„æ–‡æ¡£æ•°æ®ç»“æŸï¼Œè€—æ—¶ï¼š0æ¯«ç§’
2022-01-16 09:31:00.005 INFO  c.amber.insect.knowledgebase.job.EbookSnapshotJob :32   [32m2764570389254144  [0;39m ç”Ÿæˆä»Šæ—¥ç”µå­ä¹¦å¿«ç…§å¼€å§‹
2022-01-16 09:31:00.016 INFO  c.amber.insect.knowledgebase.job.EbookSnapshotJob :35   [32m2764570389254144  [0;39m ç”Ÿæˆä»Šæ—¥ç”µå­ä¹¦å¿«ç…§ç»“æŸï¼Œè€—æ—¶ï¼š10æ¯«ç§’
2022-01-16 09:31:05.005 INFO  com.amber.insect.knowledgebase.job.DocJob         :32   [32m2764591360774144  [0;39m æ›´æ–°ç”µå­ä¹¦ä¸‹çš„æ–‡æ¡£æ•°æ®å¼€å§‹
2022-01-16 09:31:05.005 INFO  com.amber.insect.knowledgebase.job.DocJob         :35   [32m2764591360774144  [0;39m æ›´æ–°ç”µå­ä¹¦ä¸‹çš„æ–‡æ¡£æ•°æ®ç»“æŸï¼Œè€—æ—¶ï¼š0æ¯«ç§’
2022-01-16 09:31:35.003 INFO  com.amber.insect.knowledgebase.job.DocJob         :32   [32m2764717181505536  [0;39m æ›´æ–°ç”µå­ä¹¦ä¸‹çš„æ–‡æ¡£æ•°æ®å¼€å§‹
2022-01-16 09:31:35.004 INFO  com.amber.insect.knowledgebase.job.DocJob         :35   [32m2764717181505536  [0;39m æ›´æ–°ç”µå­ä¹¦ä¸‹çš„æ–‡æ¡£æ•°æ®ç»“æŸï¼Œè€—æ—¶ï¼š0æ¯«ç§’
2022-01-16 09:32:00.000 INFO  c.amber.insect.knowledgebase.job.EbookSnapshotJob :32   [32m2764822026522624  [0;39m ç”Ÿæˆä»Šæ—¥ç”µå­ä¹¦å¿«ç…§å¼€å§‹
2022-01-16 09:32:00.012 INFO  c.amber.insect.knowledgebase.job.EbookSnapshotJob :35   [32m2764822026522624  [0;39m ç”Ÿæˆä»Šæ—¥ç”µå­ä¹¦å¿«ç…§ç»“æŸï¼Œè€—æ—¶ï¼š11æ¯«ç§’
2022-01-16 09:32:05.004 INFO  com.amber.insect.knowledgebase.job.DocJob         :32   [32m2764843014819840  [0;39m æ›´æ–°ç”µå­ä¹¦ä¸‹çš„æ–‡æ¡£æ•°æ®å¼€å§‹
2022-01-16 09:32:05.004 INFO  com.amber.insect.knowledgebase.job.DocJob         :35   [32m2764843014819840  [0;39m æ›´æ–°ç”µå­ä¹¦ä¸‹çš„æ–‡æ¡£æ•°æ®ç»“æŸï¼Œè€—æ—¶ï¼š0æ¯«ç§’
2022-01-16 09:32:35.002 INFO  com.amber.insect.knowledgebase.job.DocJob         :32   [32m2764968835551232  [0;39m æ›´æ–°ç”µå­ä¹¦ä¸‹çš„æ–‡æ¡£æ•°æ®å¼€å§‹
2022-01-16 09:32:35.002 INFO  com.amber.insect.knowledgebase.job.DocJob         :35   [32m2764968835551232  [0;39m æ›´æ–°ç”µå­ä¹¦ä¸‹çš„æ–‡æ¡£æ•°æ®ç»“æŸï¼Œè€—æ—¶ï¼š0æ¯«ç§’
2022-01-16 09:33:00.012 INFO  c.amber.insect.knowledgebase.job.EbookSnapshotJob :32   [32m2765073735094272  [0;39m ç”Ÿæˆä»Šæ—¥ç”µå­ä¹¦å¿«ç…§å¼€å§‹
2022-01-16 09:33:00.032 INFO  c.amber.insect.knowledgebase.job.EbookSnapshotJob :35   [32m2765073735094272  [0;39m ç”Ÿæˆä»Šæ—¥ç”µå­ä¹¦å¿«ç…§ç»“æŸï¼Œè€—æ—¶ï¼š19æ¯«ç§’
2022-01-16 09:33:05.010 INFO  com.amber.insect.knowledgebase.job.DocJob         :32   [32m2765094698225664  [0;39m æ›´æ–°ç”µå­ä¹¦ä¸‹çš„æ–‡æ¡£æ•°æ®å¼€å§‹
2022-01-16 09:33:05.010 INFO  com.amber.insect.knowledgebase.job.DocJob         :35   [32m2765094698225664  [0;39m æ›´æ–°ç”µå­ä¹¦ä¸‹çš„æ–‡æ¡£æ•°æ®ç»“æŸï¼Œè€—æ—¶ï¼š0æ¯«ç§’
2022-01-16 09:33:35.013 INFO  com.amber.insect.knowledgebase.job.DocJob         :32   [32m2765220539928576  [0;39m æ›´æ–°ç”µå­ä¹¦ä¸‹çš„æ–‡æ¡£æ•°æ®å¼€å§‹
2022-01-16 09:33:35.013 INFO  com.amber.insect.knowledgebase.job.DocJob         :35   [32m2765220539928576  [0;39m æ›´æ–°ç”µå­ä¹¦ä¸‹çš„æ–‡æ¡£æ•°æ®ç»“æŸï¼Œè€—æ—¶ï¼š0æ¯«ç§’
2022-01-16 09:34:00.014 INFO  c.amber.insect.knowledgebase.job.EbookSnapshotJob :32   [32m2765325401722880  [0;39m ç”Ÿæˆä»Šæ—¥ç”µå­ä¹¦å¿«ç…§å¼€å§‹
2022-01-16 09:34:00.024 INFO  c.amber.insect.knowledgebase.job.EbookSnapshotJob :35   [32m2765325401722880  [0;39m ç”Ÿæˆä»Šæ—¥ç”µå­ä¹¦å¿«ç…§ç»“æŸï¼Œè€—æ—¶ï¼š9æ¯«ç§’
2022-01-16 09:34:05.010 INFO  com.amber.insect.knowledgebase.job.DocJob         :32   [32m2765346356465664  [0;39m æ›´æ–°ç”µå­ä¹¦ä¸‹çš„æ–‡æ¡£æ•°æ®å¼€å§‹
2022-01-16 09:34:05.010 INFO  com.amber.insect.knowledgebase.job.DocJob         :35   [32m2765346356465664  [0;39m æ›´æ–°ç”µå­ä¹¦ä¸‹çš„æ–‡æ¡£æ•°æ®ç»“æŸï¼Œè€—æ—¶ï¼š0æ¯«ç§’
2022-01-16 09:34:35.008 INFO  com.amber.insect.knowledgebase.job.DocJob         :32   [32m2765472177197056  [0;39m æ›´æ–°ç”µå­ä¹¦ä¸‹çš„æ–‡æ¡£æ•°æ®å¼€å§‹
2022-01-16 09:34:35.008 INFO  com.amber.insect.knowledgebase.job.DocJob         :35   [32m2765472177197056  [0;39m æ›´æ–°ç”µå­ä¹¦ä¸‹çš„æ–‡æ¡£æ•°æ®ç»“æŸï¼Œè€—æ—¶ï¼š0æ¯«ç§’
2022-01-16 09:35:00.013 INFO  c.amber.insect.knowledgebase.job.EbookSnapshotJob :32   [32m2765577055768576  [0;39m ç”Ÿæˆä»Šæ—¥ç”µå­ä¹¦å¿«ç…§å¼€å§‹
2022-01-16 09:35:00.024 INFO  c.amber.insect.knowledgebase.job.EbookSnapshotJob :35   [32m2765577055768576  [0;39m ç”Ÿæˆä»Šæ—¥ç”µå­ä¹¦å¿«ç…§ç»“æŸï¼Œè€—æ—¶ï¼š10æ¯«ç§’
2022-01-16 09:35:05.007 INFO  com.amber.insect.knowledgebase.job.DocJob         :32   [32m2765598002122752  [0;39m æ›´æ–°ç”µå­ä¹¦ä¸‹çš„æ–‡æ¡£æ•°æ®å¼€å§‹
2022-01-16 09:35:05.007 INFO  com.amber.insect.knowledgebase.job.DocJob         :35   [32m2765598002122752  [0;39m æ›´æ–°ç”µå­ä¹¦ä¸‹çš„æ–‡æ¡£æ•°æ®ç»“æŸï¼Œè€—æ—¶ï¼š0æ¯«ç§’
2022-01-16 09:35:35.013 INFO  com.amber.insect.knowledgebase.job.DocJob         :32   [32m2765723856408576  [0;39m æ›´æ–°ç”µå­ä¹¦ä¸‹çš„æ–‡æ¡£æ•°æ®å¼€å§‹
2022-01-16 09:35:35.013 INFO  com.amber.insect.knowledgebase.job.DocJob         :35   [32m2765723856408576  [0;39m æ›´æ–°ç”µå­ä¹¦ä¸‹çš„æ–‡æ¡£æ•°æ®ç»“æŸï¼Œè€—æ—¶ï¼š0æ¯«ç§’
2022-01-16 09:36:00.013 INFO  c.amber.insect.knowledgebase.job.EbookSnapshotJob :32   [32m2765828714008576  [0;39m ç”Ÿæˆä»Šæ—¥ç”µå­ä¹¦å¿«ç…§å¼€å§‹
2022-01-16 09:36:00.016 INFO  c.amber.insect.knowledgebase.job.EbookSnapshotJob :35   [32m2765828714008576  [0;39m ç”Ÿæˆä»Šæ—¥ç”µå­ä¹¦å¿«ç…§ç»“æŸï¼Œè€—æ—¶ï¼š3æ¯«ç§’
2022-01-16 09:36:05.003 INFO  com.amber.insect.knowledgebase.job.DocJob         :32   [32m2765849643585536  [0;39m æ›´æ–°ç”µå­ä¹¦ä¸‹çš„æ–‡æ¡£æ•°æ®å¼€å§‹
2022-01-16 09:36:05.003 INFO  com.amber.insect.knowledgebase.job.DocJob         :35   [32m2765849643585536  [0;39m æ›´æ–°ç”µå­ä¹¦ä¸‹çš„æ–‡æ¡£æ•°æ®ç»“æŸï¼Œè€—æ—¶ï¼š0æ¯«ç§’
2022-01-16 09:36:35.014 INFO  com.amber.insect.knowledgebase.job.DocJob         :32   [32m2765975518842880  [0;39m æ›´æ–°ç”µå­ä¹¦ä¸‹çš„æ–‡æ¡£æ•°æ®å¼€å§‹
2022-01-16 09:36:35.014 INFO  com.amber.insect.knowledgebase.job.DocJob         :35   [32m2765975518842880  [0;39m æ›´æ–°ç”µå­ä¹¦ä¸‹çš„æ–‡æ¡£æ•°æ®ç»“æŸï¼Œè€—æ—¶ï¼š0æ¯«ç§’
2022-01-16 09:37:00.012 INFO  c.amber.insect.knowledgebase.job.EbookSnapshotJob :32   [32m2766080368054272  [0;39m ç”Ÿæˆä»Šæ—¥ç”µå­ä¹¦å¿«ç…§å¼€å§‹
2022-01-16 09:37:00.015 INFO  c.amber.insect.knowledgebase.job.EbookSnapshotJob :35   [32m2766080368054272  [0;39m ç”Ÿæˆä»Šæ—¥ç”µå­ä¹¦å¿«ç…§ç»“æŸï¼Œè€—æ—¶ï¼š3æ¯«ç§’
2022-01-16 09:37:05.013 INFO  com.amber.insect.knowledgebase.job.DocJob         :32   [32m2766101343768576  [0;39m æ›´æ–°ç”µå­ä¹¦ä¸‹çš„æ–‡æ¡£æ•°æ®å¼€å§‹
2022-01-16 09:37:05.013 INFO  com.amber.insect.knowledgebase.job.DocJob         :35   [32m2766101343768576  [0;39m æ›´æ–°ç”µå­ä¹¦ä¸‹çš„æ–‡æ¡£æ•°æ®ç»“æŸï¼Œè€—æ—¶ï¼š0æ¯«ç§’
2022-01-16 09:37:35.015 INFO  com.amber.insect.knowledgebase.job.DocJob         :32   [32m2766227181277184  [0;39m æ›´æ–°ç”µå­ä¹¦ä¸‹çš„æ–‡æ¡£æ•°æ®å¼€å§‹
2022-01-16 09:37:35.015 INFO  com.amber.insect.knowledgebase.job.DocJob         :35   [32m2766227181277184  [0;39m æ›´æ–°ç”µå­ä¹¦ä¸‹çš„æ–‡æ¡£æ•°æ®ç»“æŸï¼Œè€—æ—¶ï¼š0æ¯«ç§’
2022-01-16 09:38:00.003 INFO  c.amber.insect.knowledgebase.job.EbookSnapshotJob :32   [32m2766331988545536  [0;39m ç”Ÿæˆä»Šæ—¥ç”µå­ä¹¦å¿«ç…§å¼€å§‹
2022-01-16 09:38:00.007 INFO  c.amber.insect.knowledgebase.job.EbookSnapshotJob :35   [32m2766331988545536  [0;39m ç”Ÿæˆä»Šæ—¥ç”µå­ä¹¦å¿«ç…§ç»“æŸï¼Œè€—æ—¶ï¼š4æ¯«ç§’
2022-01-16 09:38:05.009 INFO  com.amber.insect.knowledgebase.job.DocJob         :32   [32m2766352985231360  [0;39m æ›´æ–°ç”µå­ä¹¦ä¸‹çš„æ–‡æ¡£æ•°æ®å¼€å§‹
2022-01-16 09:38:05.009 INFO  com.amber.insect.knowledgebase.job.DocJob         :35   [32m2766352985231360  [0;39m æ›´æ–°ç”µå­ä¹¦ä¸‹çš„æ–‡æ¡£æ•°æ®ç»“æŸï¼Œè€—æ—¶ï¼š0æ¯«ç§’
2022-01-16 09:38:35.014 INFO  com.amber.insect.knowledgebase.job.DocJob         :32   [32m2766478835322880  [0;39m æ›´æ–°ç”µå­ä¹¦ä¸‹çš„æ–‡æ¡£æ•°æ®å¼€å§‹
2022-01-16 09:38:35.015 INFO  com.amber.insect.knowledgebase.job.DocJob         :35   [32m2766478835322880  [0;39m æ›´æ–°ç”µå­ä¹¦ä¸‹çš„æ–‡æ¡£æ•°æ®ç»“æŸï¼Œè€—æ—¶ï¼š0æ¯«ç§’
2022-01-16 09:39:00.011 INFO  c.amber.insect.knowledgebase.job.EbookSnapshotJob :32   [32m2766583680339968  [0;39m ç”Ÿæˆä»Šæ—¥ç”µå­ä¹¦å¿«ç…§å¼€å§‹
2022-01-16 09:39:00.021 INFO  c.amber.insect.knowledgebase.job.EbookSnapshotJob :35   [32m2766583680339968  [0;39m ç”Ÿæˆä»Šæ—¥ç”µå­ä¹¦å¿«ç…§ç»“æŸï¼Œè€—æ—¶ï¼š10æ¯«ç§’
2022-01-16 09:39:05.014 INFO  com.amber.insect.knowledgebase.job.DocJob         :32   [32m2766604664442880  [0;39m æ›´æ–°ç”µå­ä¹¦ä¸‹çš„æ–‡æ¡£æ•°æ®å¼€å§‹
2022-01-16 09:39:05.014 INFO  com.amber.insect.knowledgebase.job.DocJob         :35   [32m2766604664442880  [0;39m æ›´æ–°ç”µå­ä¹¦ä¸‹çš„æ–‡æ¡£æ•°æ®ç»“æŸï¼Œè€—æ—¶ï¼š0æ¯«ç§’
2022-01-16 09:39:35.008 INFO  com.amber.insect.knowledgebase.job.DocJob         :32   [32m2766730468397056  [0;39m æ›´æ–°ç”µå­ä¹¦ä¸‹çš„æ–‡æ¡£æ•°æ®å¼€å§‹
2022-01-16 09:39:35.008 INFO  com.amber.insect.knowledgebase.job.DocJob         :35   [32m2766730468397056  [0;39m æ›´æ–°ç”µå­ä¹¦ä¸‹çš„æ–‡æ¡£æ•°æ®ç»“æŸï¼Œè€—æ—¶ï¼š0æ¯«ç§’
2022-01-16 09:40:00.002 INFO  c.amber.insect.knowledgebase.job.EbookSnapshotJob :32   [32m2766835300831232  [0;39m ç”Ÿæˆä»Šæ—¥ç”µå­ä¹¦å¿«ç…§å¼€å§‹
2022-01-16 09:40:00.006 INFO  c.amber.insect.knowledgebase.job.EbookSnapshotJob :35   [32m2766835300831232  [0;39m ç”Ÿæˆä»Šæ—¥ç”µå­ä¹¦å¿«ç…§ç»“æŸï¼Œè€—æ—¶ï¼š4æ¯«ç§’
2022-01-16 09:40:05.003 INFO  com.amber.insect.knowledgebase.job.DocJob         :32   [32m2766856276545536  [0;39m æ›´æ–°ç”µå­ä¹¦ä¸‹çš„æ–‡æ¡£æ•°æ®å¼€å§‹
2022-01-16 09:40:05.003 INFO  com.amber.insect.knowledgebase.job.DocJob         :35   [32m2766856276545536  [0;39m æ›´æ–°ç”µå­ä¹¦ä¸‹çš„æ–‡æ¡£æ•°æ®ç»“æŸï¼Œè€—æ—¶ï¼š0æ¯«ç§’
2022-01-16 09:40:35.012 INFO  com.amber.insect.knowledgebase.job.DocJob         :32   [32m2766982143414272  [0;39m æ›´æ–°ç”µå­ä¹¦ä¸‹çš„æ–‡æ¡£æ•°æ®å¼€å§‹
2022-01-16 09:40:35.012 INFO  com.amber.insect.knowledgebase.job.DocJob         :35   [32m2766982143414272  [0;39m æ›´æ–°ç”µå­ä¹¦ä¸‹çš„æ–‡æ¡£æ•°æ®ç»“æŸï¼Œè€—æ—¶ï¼š0æ¯«ç§’
2022-01-16 09:41:00.010 INFO  c.amber.insect.knowledgebase.job.EbookSnapshotJob :32   [32m2767086992625664  [0;39m ç”Ÿæˆä»Šæ—¥ç”µå­ä¹¦å¿«ç…§å¼€å§‹
2022-01-16 09:41:00.022 INFO  c.amber.insect.knowledgebase.job.EbookSnapshotJob :35   [32m2767086992625664  [0;39m ç”Ÿæˆä»Šæ—¥ç”µå­ä¹¦å¿«ç…§ç»“æŸï¼Œè€—æ—¶ï¼š11æ¯«ç§’
2022-01-16 09:41:05.002 INFO  com.amber.insect.knowledgebase.job.DocJob         :32   [32m2767107930591232  [0;39m æ›´æ–°ç”µå­ä¹¦ä¸‹çš„æ–‡æ¡£æ•°æ®å¼€å§‹
2022-01-16 09:41:05.002 INFO  com.amber.insect.knowledgebase.job.DocJob         :35   [32m2767107930591232  [0;39m æ›´æ–°ç”µå­ä¹¦ä¸‹çš„æ–‡æ¡£æ•°æ®ç»“æŸï¼Œè€—æ—¶ï¼š0æ¯«ç§’
2022-01-16 09:41:35.012 INFO  com.amber.insect.knowledgebase.job.DocJob         :32   [32m2767233801654272  [0;39m æ›´æ–°ç”µå­ä¹¦ä¸‹çš„æ–‡æ¡£æ•°æ®å¼€å§‹
2022-01-16 09:41:35.012 INFO  com.amber.insect.knowledgebase.job.DocJob         :35   [32m2767233801654272  [0;39m æ›´æ–°ç”µå­ä¹¦ä¸‹çš„æ–‡æ¡£æ•°æ®ç»“æŸï¼Œè€—æ—¶ï¼š0æ¯«ç§’
2022-01-16 09:42:00.014 INFO  c.amber.insect.knowledgebase.job.EbookSnapshotJob :32   [32m2767338667642880  [0;39m ç”Ÿæˆä»Šæ—¥ç”µå­ä¹¦å¿«ç…§å¼€å§‹
2022-01-16 09:42:00.019 INFO  c.amber.insect.knowledgebase.job.EbookSnapshotJob :35   [32m2767338667642880  [0;39m ç”Ÿæˆä»Šæ—¥ç”µå­ä¹¦å¿«ç…§ç»“æŸï¼Œè€—æ—¶ï¼š5æ¯«ç§’
2022-01-16 09:42:05.014 INFO  com.amber.insect.knowledgebase.job.DocJob         :32   [32m2767359639162880  [0;39m æ›´æ–°ç”µå­ä¹¦ä¸‹çš„æ–‡æ¡£æ•°æ®å¼€å§‹
2022-01-16 09:42:05.014 INFO  com.amber.insect.knowledgebase.job.DocJob         :35   [32m2767359639162880  [0;39m æ›´æ–°ç”µå­ä¹¦ä¸‹çš„æ–‡æ¡£æ•°æ®ç»“æŸï¼Œè€—æ—¶ï¼š0æ¯«ç§’
2022-01-16 09:42:35.012 INFO  com.amber.insect.knowledgebase.job.DocJob         :32   [32m2767485459894272  [0;39m æ›´æ–°ç”µå­ä¹¦ä¸‹çš„æ–‡æ¡£æ•°æ®å¼€å§‹
2022-01-16 09:42:35.012 INFO  com.amber.insect.knowledgebase.job.DocJob         :35   [32m2767485459894272  [0;39m æ›´æ–°ç”µå­ä¹¦ä¸‹çš„æ–‡æ¡£æ•°æ®ç»“æŸï¼Œè€—æ—¶ï¼š0æ¯«ç§’
2022-01-16 09:43:00.006 INFO  c.amber.insect.knowledgebase.job.EbookSnapshotJob :32   [32m2767590292328448  [0;39m ç”Ÿæˆä»Šæ—¥ç”µå­ä¹¦å¿«ç…§å¼€å§‹
2022-01-16 09:43:00.012 INFO  c.amber.insect.knowledgebase.job.EbookSnapshotJob :35   [32m2767590292328448  [0;39m ç”Ÿæˆä»Šæ—¥ç”µå­ä¹¦å¿«ç…§ç»“æŸï¼Œè€—æ—¶ï¼š6æ¯«ç§’
2022-01-16 09:43:05.001 INFO  com.amber.insect.knowledgebase.job.DocJob         :32   [32m2767611242876928  [0;39m æ›´æ–°ç”µå­ä¹¦ä¸‹çš„æ–‡æ¡£æ•°æ®å¼€å§‹
2022-01-16 09:43:05.001 INFO  com.amber.insect.knowledgebase.job.DocJob         :35   [32m2767611242876928  [0;39m æ›´æ–°ç”µå­ä¹¦ä¸‹çš„æ–‡æ¡£æ•°æ®ç»“æŸï¼Œè€—æ—¶ï¼š0æ¯«ç§’
2022-01-16 09:43:35.007 INFO  com.amber.insect.knowledgebase.job.DocJob         :32   [32m2767737097162752  [0;39m æ›´æ–°ç”µå­ä¹¦ä¸‹çš„æ–‡æ¡£æ•°æ®å¼€å§‹
2022-01-16 09:43:35.007 INFO  com.amber.insect.knowledgebase.job.DocJob         :35   [32m2767737097162752  [0;39m æ›´æ–°ç”µå­ä¹¦ä¸‹çš„æ–‡æ¡£æ•°æ®ç»“æŸï¼Œè€—æ—¶ï¼š0æ¯«ç§’
2022-01-16 09:44:00.004 INFO  c.amber.insect.knowledgebase.job.EbookSnapshotJob :32   [32m2767841942179840  [0;39m ç”Ÿæˆä»Šæ—¥ç”µå­ä¹¦å¿«ç…§å¼€å§‹
2022-01-16 09:44:00.009 INFO  c.amber.insect.knowledgebase.job.EbookSnapshotJob :35   [32m2767841942179840  [0;39m ç”Ÿæˆä»Šæ—¥ç”µå­ä¹¦å¿«ç…§ç»“æŸï¼Œè€—æ—¶ï¼š5æ¯«ç§’
2022-01-16 09:44:05.013 INFO  com.amber.insect.knowledgebase.job.DocJob         :32   [32m2767862951448576  [0;39m æ›´æ–°ç”µå­ä¹¦ä¸‹çš„æ–‡æ¡£æ•°æ®å¼€å§‹
2022-01-16 09:44:05.013 INFO  com.amber.insect.knowledgebase.job.DocJob         :35   [32m2767862951448576  [0;39m æ›´æ–°ç”µå­ä¹¦ä¸‹çš„æ–‡æ¡£æ•°æ®ç»“æŸï¼Œè€—æ—¶ï¼š0æ¯«ç§’
2022-01-16 09:44:35.003 INFO  com.amber.insect.knowledgebase.job.DocJob         :32   [32m2767988738625536  [0;39m æ›´æ–°ç”µå­ä¹¦ä¸‹çš„æ–‡æ¡£æ•°æ®å¼€å§‹
2022-01-16 09:44:35.004 INFO  com.amber.insect.knowledgebase.job.DocJob         :35   [32m2767988738625536  [0;39m æ›´æ–°ç”µå­ä¹¦ä¸‹çš„æ–‡æ¡£æ•°æ®ç»“æŸï¼Œè€—æ—¶ï¼š0æ¯«ç§’
2022-01-16 09:45:00.001 INFO  c.amber.insect.knowledgebase.job.EbookSnapshotJob :32   [32m2768093587836928  [0;39m ç”Ÿæˆä»Šæ—¥ç”µå­ä¹¦å¿«ç…§å¼€å§‹
2022-01-16 09:45:00.005 INFO  c.amber.insect.knowledgebase.job.EbookSnapshotJob :35   [32m2768093587836928  [0;39m ç”Ÿæˆä»Šæ—¥ç”µå­ä¹¦å¿«ç…§ç»“æŸï¼Œè€—æ—¶ï¼š4æ¯«ç§’
2022-01-16 09:45:05.009 INFO  com.amber.insect.knowledgebase.job.DocJob         :32   [32m2768114592911360  [0;39m æ›´æ–°ç”µå­ä¹¦ä¸‹çš„æ–‡æ¡£æ•°æ®å¼€å§‹
2022-01-16 09:45:05.010 INFO  com.amber.insect.knowledgebase.job.DocJob         :35   [32m2768114592911360  [0;39m æ›´æ–°ç”µå­ä¹¦ä¸‹çš„æ–‡æ¡£æ•°æ®ç»“æŸï¼Œè€—æ—¶ï¼š0æ¯«ç§’
2022-01-16 09:45:35.003 INFO  com.amber.insect.knowledgebase.job.DocJob         :32   [32m2768240396865536  [0;39m æ›´æ–°ç”µå­ä¹¦ä¸‹çš„æ–‡æ¡£æ•°æ®å¼€å§‹
2022-01-16 09:45:35.004 INFO  com.amber.insect.knowledgebase.job.DocJob         :35   [32m2768240396865536  [0;39m æ›´æ–°ç”µå­ä¹¦ä¸‹çš„æ–‡æ¡£æ•°æ®ç»“æŸï¼Œè€—æ—¶ï¼š0æ¯«ç§’
2022-01-16 09:46:00.008 INFO  c.amber.insect.knowledgebase.job.EbookSnapshotJob :32   [32m2768345275437056  [0;39m ç”Ÿæˆä»Šæ—¥ç”µå­ä¹¦å¿«ç…§å¼€å§‹
2022-01-16 09:46:00.014 INFO  c.amber.insect.knowledgebase.job.EbookSnapshotJob :35   [32m2768345275437056  [0;39m ç”Ÿæˆä»Šæ—¥ç”µå­ä¹¦å¿«ç…§ç»“æŸï¼Œè€—æ—¶ï¼š5æ¯«ç§’
2022-01-16 09:46:05.014 INFO  com.amber.insect.knowledgebase.job.DocJob         :32   [32m2768366272122880  [0;39m æ›´æ–°ç”µå­ä¹¦ä¸‹çš„æ–‡æ¡£æ•°æ®å¼€å§‹
2022-01-16 09:46:05.014 INFO  com.amber.insect.knowledgebase.job.DocJob         :35   [32m2768366272122880  [0;39m æ›´æ–°ç”µå­ä¹¦ä¸‹çš„æ–‡æ¡£æ•°æ®ç»“æŸï¼Œè€—æ—¶ï¼š0æ¯«ç§’
2022-01-16 09:46:35.010 INFO  com.amber.insect.knowledgebase.job.DocJob         :32   [32m2768492084465664  [0;39m æ›´æ–°ç”µå­ä¹¦ä¸‹çš„æ–‡æ¡£æ•°æ®å¼€å§‹
2022-01-16 09:46:35.010 INFO  com.amber.insect.knowledgebase.job.DocJob         :35   [32m2768492084465664  [0;39m æ›´æ–°ç”µå­ä¹¦ä¸‹çš„æ–‡æ¡£æ•°æ®ç»“æŸï¼Œè€—æ—¶ï¼š0æ¯«ç§’
2022-01-16 09:47:00.012 INFO  c.amber.insect.knowledgebase.job.EbookSnapshotJob :32   [32m2768596950454272  [0;39m ç”Ÿæˆä»Šæ—¥ç”µå­ä¹¦å¿«ç…§å¼€å§‹
2022-01-16 09:47:00.022 INFO  c.amber.insect.knowledgebase.job.EbookSnapshotJob :35   [32m2768596950454272  [0;39m ç”Ÿæˆä»Šæ—¥ç”µå­ä¹¦å¿«ç…§ç»“æŸï¼Œè€—æ—¶ï¼š9æ¯«ç§’
2022-01-16 09:47:05.011 INFO  com.amber.insect.knowledgebase.job.DocJob         :32   [32m2768617917779968  [0;39m æ›´æ–°ç”µå­ä¹¦ä¸‹çš„æ–‡æ¡£æ•°æ®å¼€å§‹
2022-01-16 09:47:05.011 INFO  com.amber.insect.knowledgebase.job.DocJob         :35   [32m2768617917779968  [0;39m æ›´æ–°ç”µå­ä¹¦ä¸‹çš„æ–‡æ¡£æ•°æ®ç»“æŸï¼Œè€—æ—¶ï¼š0æ¯«ç§’
2022-01-16 09:47:35.005 INFO  com.amber.insect.knowledgebase.job.DocJob         :32   [32m2768743721734144  [0;39m æ›´æ–°ç”µå­ä¹¦ä¸‹çš„æ–‡æ¡£æ•°æ®å¼€å§‹
2022-01-16 09:47:35.005 INFO  com.amber.insect.knowledgebase.job.DocJob         :35   [32m2768743721734144  [0;39m æ›´æ–°ç”µå­ä¹¦ä¸‹çš„æ–‡æ¡£æ•°æ®ç»“æŸï¼Œè€—æ—¶ï¼š0æ¯«ç§’
2022-01-16 09:48:00.003 INFO  c.amber.insect.knowledgebase.job.EbookSnapshotJob :32   [32m2768848570945536  [0;39m ç”Ÿæˆä»Šæ—¥ç”µå­ä¹¦å¿«ç…§å¼€å§‹
2022-01-16 09:48:00.010 INFO  c.amber.insect.knowledgebase.job.EbookSnapshotJob :35   [32m2768848570945536  [0;39m ç”Ÿæˆä»Šæ—¥ç”µå­ä¹¦å¿«ç…§ç»“æŸï¼Œè€—æ—¶ï¼š6æ¯«ç§’
2022-01-16 09:48:05.004 INFO  com.amber.insect.knowledgebase.job.DocJob         :32   [32m2768869546659840  [0;39m æ›´æ–°ç”µå­ä¹¦ä¸‹çš„æ–‡æ¡£æ•°æ®å¼€å§‹
2022-01-16 09:48:05.004 INFO  com.amber.insect.knowledgebase.job.DocJob         :35   [32m2768869546659840  [0;39m æ›´æ–°ç”µå­ä¹¦ä¸‹çš„æ–‡æ¡£æ•°æ®ç»“æŸï¼Œè€—æ—¶ï¼š0æ¯«ç§’
2022-01-16 09:48:35.008 INFO  com.amber.insect.knowledgebase.job.DocJob         :32   [32m2768995392557056  [0;39m æ›´æ–°ç”µå­ä¹¦ä¸‹çš„æ–‡æ¡£æ•°æ®å¼€å§‹
2022-01-16 09:48:35.008 INFO  com.amber.insect.knowledgebase.job.DocJob         :35   [32m2768995392557056  [0;39m æ›´æ–°ç”µå­ä¹¦ä¸‹çš„æ–‡æ¡£æ•°æ®ç»“æŸï¼Œè€—æ—¶ï¼š0æ¯«ç§’
2022-01-16 09:48:59.292 INFO  c.a.i.knowledgebase.interceptor.LoginInterceptor  :32   [32m                  [0;39m ------------- LoginInterceptor å¼€å§‹ -------------
2022-01-16 09:48:59.292 INFO  c.a.i.knowledgebase.interceptor.LoginInterceptor  :43   [32m                  [0;39m æ¥å£ç™»å½•æ‹¦æˆªï¼šï¼Œpathï¼šhttp://127.0.0.1:8880/doc/save
2022-01-16 09:48:59.292 INFO  c.a.i.knowledgebase.interceptor.LoginInterceptor  :47   [32m                  [0;39m ç™»å½•æ ¡éªŒå¼€å§‹ï¼Œtokenï¼š2609596447461376
2022-01-16 09:48:59.294 INFO  c.a.i.knowledgebase.interceptor.LoginInterceptor  :59   [32m                  [0;39m å·²ç™»å½•ï¼š{"id":1,"passWord":"1f15d405949c4ed3c2279aa6d48b1e9a","token":"2609596447461376","userCode":"admin","userName":"æé›¨æ³½"}
2022-01-16 09:48:59.488 INFO  c.a.i.knowledgebase.interceptor.LoginInterceptor  :68   [32m                  [0;39m ------------- LoginInterceptor ç»“æŸ è€—æ—¶ï¼š196 ms -------------
2022-01-16 09:49:00.006 INFO  c.amber.insect.knowledgebase.job.EbookSnapshotJob :32   [32m2769100241768448  [0;39m ç”Ÿæˆä»Šæ—¥ç”µå­ä¹¦å¿«ç…§å¼€å§‹
2022-01-16 09:49:00.016 INFO  c.amber.insect.knowledgebase.job.EbookSnapshotJob :35   [32m2769100241768448  [0;39m ç”Ÿæˆä»Šæ—¥ç”µå­ä¹¦å¿«ç…§ç»“æŸï¼Œè€—æ—¶ï¼š10æ¯«ç§’
2022-01-16 09:49:05.013 INFO  com.amber.insect.knowledgebase.job.DocJob         :32   [32m2769121242648576  [0;39m æ›´æ–°ç”µå­ä¹¦ä¸‹çš„æ–‡æ¡£æ•°æ®å¼€å§‹
2022-01-16 09:49:05.013 INFO  com.amber.insect.knowledgebase.job.DocJob         :35   [32m2769121242648576  [0;39m æ›´æ–°ç”µå­ä¹¦ä¸‹çš„æ–‡æ¡£æ•°æ®ç»“æŸï¼Œè€—æ—¶ï¼š0æ¯«ç§’
2022-01-16 09:49:35.005 INFO  com.amber.insect.knowledgebase.job.DocJob         :32   [32m2769247038214144  [0;39m æ›´æ–°ç”µå­ä¹¦ä¸‹çš„æ–‡æ¡£æ•°æ®å¼€å§‹
2022-01-16 09:49:35.005 INFO  com.amber.insect.knowledgebase.job.DocJob         :35   [32m2769247038214144  [0;39m æ›´æ–°ç”µå­ä¹¦ä¸‹çš„æ–‡æ¡£æ•°æ®ç»“æŸï¼Œè€—æ—¶ï¼š0æ¯«ç§’
2022-01-16 09:50:00.016 INFO  c.amber.insect.knowledgebase.job.EbookSnapshotJob :32   [32m2769351941951488  [0;39m ç”Ÿæˆä»Šæ—¥ç”µå­ä¹¦å¿«ç…§å¼€å§‹
2022-01-16 09:50:00.018 INFO  c.amber.insect.knowledgebase.job.EbookSnapshotJob :35   [32m2769351941951488  [0;39m ç”Ÿæˆä»Šæ—¥ç”µå­ä¹¦å¿«ç…§ç»“æŸï¼Œè€—æ—¶ï¼š2æ¯«ç§’
2022-01-16 09:50:05.005 INFO  com.amber.insect.knowledgebase.job.DocJob         :32   [32m2769372867334144  [0;39m æ›´æ–°ç”µå­ä¹¦ä¸‹çš„æ–‡æ¡£æ•°æ®å¼€å§‹
2022-01-16 09:50:05.005 INFO  com.amber.insect.knowledgebase.job.DocJob         :35   [32m2769372867334144  [0;39m æ›´æ–°ç”µå­ä¹¦ä¸‹çš„æ–‡æ¡£æ•°æ®ç»“æŸï¼Œè€—æ—¶ï¼š0æ¯«ç§’
